[INFO ] 2024-10-02 14:56:25.821 - =================================== START TEST ===================================
[INFO ] 2024-10-02 14:56:25.827 - Test Case report initialize for TestCase003
[INFO ] 2024-10-02 14:56:28.674 - PASSED - Step 1 - signIn was clicked.
[INFO ] 2024-10-02 14:56:28.863 - PASSED - Step 2 - email is populated with kimtest@gmail.com.
[INFO ] 2024-10-02 14:56:28.919 - PASSED - Step 3 - password is populated with Qwerty123.
[INFO ] 2024-10-02 14:56:30.477 - PASSED - Step 4 - logIn was clicked.
[INFO ] 2024-10-02 14:56:30.709 - PASSED - Step 5 - Moved to hoverMen.
[INFO ] 2024-10-02 14:56:30.867 - PASSED - Step 6 - Moved to hoverTops.
[INFO ] 2024-10-02 14:56:33.575 - PASSED - Step 7 - jackets was clicked.
[INFO ] 2024-10-02 14:56:35.658 - PASSED - Step 8 - showCart was clicked.
[INFO ] 2024-10-02 14:56:38.308 - PASSED - Step 9 - proteusJacket was clicked.
[INFO ] 2024-10-02 14:56:40.407 - PASSED - Step 10 - proteusSize was clicked.
[INFO ] 2024-10-02 14:56:42.509 - PASSED - Step 11 - proteusColor was clicked.
[INFO ] 2024-10-02 14:56:44.603 - PASSED - Step 12 - addToCart was clicked.
[INFO ] 2024-10-02 14:56:46.669 - PASSED - Step 13 - showCart was clicked.
[ERROR] 2024-10-02 14:57:03.443 - Report Screenshot Error Exception: no such window: target window already closed
from unknown error: web view not found
  (Session info: chrome=129.0.6668.60)
Build info: version: '4.10.0', revision: 'c14d967899'
System info: os.name: 'Windows 10', os.arch: 'amd64', os.version: '10.0', java.version: '17.0.10'
Driver info: org.openqa.selenium.chrome.ChromeDriver
Command: [cb8bd6b556fe7d68581bbd66e9ca9e5c, screenshot {}]
Capabilities {acceptInsecureCerts: false, browserName: chrome, browserVersion: 129.0.6668.60, chrome: {chromedriverVersion: 129.0.6668.89 (951c0b97221f..., userDataDir: C:\Users\KIM~1.VIT\AppData\...}, fedcm:accounts: true, goog:chromeOptions: {debuggerAddress: localhost:64826}, networkConnectionEnabled: false, pageLoadStrategy: normal, platformName: windows, proxy: Proxy(), se:cdp: ws://localhost:64826/devtoo..., se:cdpVersion: 129.0.6668.60, setWindowRect: true, strictFileInteractability: false, timeouts: {implicit: 0, pageLoad: 300000, script: 30000}, unhandledPromptBehavior: dismiss and notify, webauthn:extension:credBlob: true, webauthn:extension:largeBlob: true, webauthn:extension:minPinLength: true, webauthn:extension:prf: true, webauthn:virtualAuthenticators: true}
Session ID: cb8bd6b556fe7d68581bbd66e9ca9e5c
[ERROR] 2024-10-02 14:57:03.444 - FAILED - org.openqa.selenium.ElementNotInteractableException: element not interactable
  (Session info: chrome=129.0.6668.60)
Build info: version: '4.10.0', revision: 'c14d967899'
System info: os.name: 'Windows 10', os.arch: 'amd64', os.version: '10.0', java.version: '17.0.10'
Driver info: org.openqa.selenium.chrome.ChromeDriver
Command: [cb8bd6b556fe7d68581bbd66e9ca9e5c, clickElement {id=f.D5E77CA91DDF653F540DFAA56279C9EB.d.E8F20A427AC6307E2627FE4FBB086B25.e.341}]
Capabilities {acceptInsecureCerts: false, browserName: chrome, browserVersion: 129.0.6668.60, chrome: {chromedriverVersion: 129.0.6668.89 (951c0b97221f..., userDataDir: C:\Users\KIM~1.VIT\AppData\...}, fedcm:accounts: true, goog:chromeOptions: {debuggerAddress: localhost:64826}, networkConnectionEnabled: false, pageLoadStrategy: normal, platformName: windows, proxy: Proxy(), se:cdp: ws://localhost:64826/devtoo..., se:cdpVersion: 129.0.6668.60, setWindowRect: true, strictFileInteractability: false, timeouts: {implicit: 0, pageLoad: 300000, script: 30000}, unhandledPromptBehavior: dismiss and notify, webauthn:extension:credBlob: true, webauthn:extension:largeBlob: true, webauthn:extension:minPinLength: true, webauthn:extension:prf: true, webauthn:virtualAuthenticators: true}
Element: [[ChromeDriver: chrome on windows (cb8bd6b556fe7d68581bbd66e9ca9e5c)] -> xpath: //button[@id='top-cart-btn-checkout']]
Session ID: cb8bd6b556fe7d68581bbd66e9ca9e5c
[INFO ] 2024-10-02 14:57:03.446 - org.openqa.selenium.ElementNotInteractableException: element not interactable
  (Session info: chrome=129.0.6668.60)
Build info: version: '4.10.0', revision: 'c14d967899'
System info: os.name: 'Windows 10', os.arch: 'amd64', os.version: '10.0', java.version: '17.0.10'
Driver info: org.openqa.selenium.chrome.ChromeDriver
Command: [cb8bd6b556fe7d68581bbd66e9ca9e5c, clickElement {id=f.D5E77CA91DDF653F540DFAA56279C9EB.d.E8F20A427AC6307E2627FE4FBB086B25.e.341}]
Capabilities {acceptInsecureCerts: false, browserName: chrome, browserVersion: 129.0.6668.60, chrome: {chromedriverVersion: 129.0.6668.89 (951c0b97221f..., userDataDir: C:\Users\KIM~1.VIT\AppData\...}, fedcm:accounts: true, goog:chromeOptions: {debuggerAddress: localhost:64826}, networkConnectionEnabled: false, pageLoadStrategy: normal, platformName: windows, proxy: Proxy(), se:cdp: ws://localhost:64826/devtoo..., se:cdpVersion: 129.0.6668.60, setWindowRect: true, strictFileInteractability: false, timeouts: {implicit: 0, pageLoad: 300000, script: 30000}, unhandledPromptBehavior: dismiss and notify, webauthn:extension:credBlob: true, webauthn:extension:largeBlob: true, webauthn:extension:minPinLength: true, webauthn:extension:prf: true, webauthn:virtualAuthenticators: true}
Element: [[ChromeDriver: chrome on windows (cb8bd6b556fe7d68581bbd66e9ca9e5c)] -> xpath: //button[@id='top-cart-btn-checkout']]
Session ID: cb8bd6b556fe7d68581bbd66e9ca9e5c
[INFO ] 2024-10-02 14:57:03.446 - =================================== END TEST ===================================
