[INFO ] 2024-10-24 11:21:34.909 - =================================== START TEST ===================================
[INFO ] 2024-10-24 11:21:34.920 - Test Case report initialize for TestCase007
[INFO ] 2024-10-24 11:22:18.166 - PASSED - Step 1 - signIn was clicked.
[INFO ] 2024-10-24 11:22:18.439 - PASSED - Step 2 - email is populated with johndoe1@gmail.com.
[INFO ] 2024-10-24 11:22:18.524 - PASSED - Step 3 - password is populated with Qwerty123.
[INFO ] 2024-10-24 11:22:18.534 - PASSED - Step 4 - Scrolled to position: x = 0, y = 300
[INFO ] 2024-10-24 11:22:23.333 - PASSED - Step 5 - logIn was clicked.
[INFO ] 2024-10-24 11:22:25.432 - PASSED - Step 6 - menuDropdown was clicked.
[INFO ] 2024-10-24 11:22:30.981 - PASSED - Step 7 - myAccount was clicked.
[INFO ] 2024-10-24 11:22:34.402 - PASSED - Step 8 - addressBook was clicked.
[INFO ] 2024-10-24 11:22:39.456 - PASSED - Step 9 - addAddress was clicked.
[INFO ] 2024-10-24 11:22:39.553 - PASSED - Step 10 - newCompany is populated with New Company 1.
[INFO ] 2024-10-24 11:22:39.628 - PASSED - Step 11 - newStreet is populated with New Address 1.
[INFO ] 2024-10-24 11:22:41.671 - PASSED - Step 12 - country was clicked.
[INFO ] 2024-10-24 11:22:43.719 - PASSED - Step 13 - newCountry was clicked.
[INFO ] 2024-10-24 11:22:43.825 - PASSED - Step 14 - newPhoneNumber is populated with 091234567899.
[INFO ] 2024-10-24 11:22:43.893 - PASSED - Step 15 - newCity is populated with New City 1.
[ERROR] 2024-10-24 11:22:58.727 - FAILED - org.openqa.selenium.ElementNotInteractableException: element not interactable
  (Session info: chrome=129.0.6668.103)
Build info: version: '4.10.0', revision: 'c14d967899'
System info: os.name: 'Windows 10', os.arch: 'amd64', os.version: '10.0', java.version: '17.0.10'
Driver info: org.openqa.selenium.chrome.ChromeDriver
Command: [5bc8dec0c573d90fe76d8c5ca6446cd4, sendKeysToElement {id=f.64472A265A0C55939E7A484B099F08A7.d.F5299D1D0607A06B2AF150441B961F15.e.256, value=[Ljava.lang.CharSequence;@3085befb}]
Capabilities {acceptInsecureCerts: false, browserName: chrome, browserVersion: 129.0.6668.103, chrome: {chromedriverVersion: 129.0.6668.100 (cf58cba358d..., userDataDir: C:\Users\KIM~1.VIT\AppData\...}, fedcm:accounts: true, goog:chromeOptions: {debuggerAddress: localhost:58347}, networkConnectionEnabled: false, pageLoadStrategy: normal, platformName: windows, proxy: Proxy(), se:cdp: ws://localhost:58347/devtoo..., se:cdpVersion: 129.0.6668.103, setWindowRect: true, strictFileInteractability: false, timeouts: {implicit: 0, pageLoad: 300000, script: 30000}, unhandledPromptBehavior: dismiss and notify, webauthn:extension:credBlob: true, webauthn:extension:largeBlob: true, webauthn:extension:minPinLength: true, webauthn:extension:prf: true, webauthn:virtualAuthenticators: true}
Element: [[ChromeDriver: chrome on windows (5bc8dec0c573d90fe76d8c5ca6446cd4)] -> xpath: //input[@class="input-text validate-not-number-first"]]
Session ID: 5bc8dec0c573d90fe76d8c5ca6446cd4
[INFO ] 2024-10-24 11:22:58.730 - org.openqa.selenium.ElementNotInteractableException: element not interactable
  (Session info: chrome=129.0.6668.103)
Build info: version: '4.10.0', revision: 'c14d967899'
System info: os.name: 'Windows 10', os.arch: 'amd64', os.version: '10.0', java.version: '17.0.10'
Driver info: org.openqa.selenium.chrome.ChromeDriver
Command: [5bc8dec0c573d90fe76d8c5ca6446cd4, sendKeysToElement {id=f.64472A265A0C55939E7A484B099F08A7.d.F5299D1D0607A06B2AF150441B961F15.e.256, value=[Ljava.lang.CharSequence;@3085befb}]
Capabilities {acceptInsecureCerts: false, browserName: chrome, browserVersion: 129.0.6668.103, chrome: {chromedriverVersion: 129.0.6668.100 (cf58cba358d..., userDataDir: C:\Users\KIM~1.VIT\AppData\...}, fedcm:accounts: true, goog:chromeOptions: {debuggerAddress: localhost:58347}, networkConnectionEnabled: false, pageLoadStrategy: normal, platformName: windows, proxy: Proxy(), se:cdp: ws://localhost:58347/devtoo..., se:cdpVersion: 129.0.6668.103, setWindowRect: true, strictFileInteractability: false, timeouts: {implicit: 0, pageLoad: 300000, script: 30000}, unhandledPromptBehavior: dismiss and notify, webauthn:extension:credBlob: true, webauthn:extension:largeBlob: true, webauthn:extension:minPinLength: true, webauthn:extension:prf: true, webauthn:virtualAuthenticators: true}
Element: [[ChromeDriver: chrome on windows (5bc8dec0c573d90fe76d8c5ca6446cd4)] -> xpath: //input[@class="input-text validate-not-number-first"]]
Session ID: 5bc8dec0c573d90fe76d8c5ca6446cd4
[INFO ] 2024-10-24 11:22:58.730 - =================================== END TEST ===================================
