[INFO ] 2024-10-02 09:28:27.733 - =================================== START TEST ===================================
[INFO ] 2024-10-02 09:28:27.740 - Test Case report initialize for TestCase002
[INFO ] 2024-10-02 09:28:32.285 - PASSED - Step 1 - signIn was clicked.
[INFO ] 2024-10-02 09:28:32.480 - PASSED - Step 2 - email is populated with kimtest@gmail.com.
[INFO ] 2024-10-02 09:28:32.524 - PASSED - Step 3 - password is populated with Qwerty123.
[INFO ] 2024-10-02 09:28:33.790 - PASSED - Step 4 - logIn was clicked.
[INFO ] 2024-10-02 09:28:34.033 - PASSED - Step 5 - Moved to hoverMen.
[INFO ] 2024-10-02 09:28:34.185 - PASSED - Step 6 - Moved to hoverTops.
[INFO ] 2024-10-02 09:28:37.638 - PASSED - Step 7 - jackets was clicked.
[INFO ] 2024-10-02 09:28:40.860 - PASSED - Step 8 - proteusJacket was clicked.
[INFO ] 2024-10-02 09:28:40.930 - PASSED - Step 9 - proteusSize was clicked.
[INFO ] 2024-10-02 09:28:40.983 - PASSED - Step 10 - proteusColor was clicked.
[INFO ] 2024-10-02 09:28:41.023 - PASSED - Step 11 - addToCart was clicked.
[ERROR] 2024-10-02 09:28:45.963 - FAILED - org.openqa.selenium.InvalidSelectorException: invalid selector
from javascript error: {"status":32,"value":"Unable to locate an element with the xpath expression //*[@id=\\\"minicart-content-wrapper\\\"]/div[2]/div[5]/div/a/span because of the following error:\nSyntaxError: Failed to execute 'evaluate' on 'Document': The string '//*[@id=\\\"minicart-content-wrapper\\\"]/div[2]/div[5]/div/a/span' is not a valid XPath expression."}
  (Session info: chrome=129.0.6668.60)
For documentation on this error, please visit: https://www.selenium.dev/documentation/webdriver/troubleshooting/errors#invalid-selector-exception
Build info: version: '4.10.0', revision: 'c14d967899'
System info: os.name: 'Windows 10', os.arch: 'amd64', os.version: '10.0', java.version: '17.0.10'
Driver info: org.openqa.selenium.chrome.ChromeDriver
Command: [7e7469b6b24e76e03f8397239a921aed, findElement {using=xpath, value=//*[@id=\"minicart-content-wrapper\"]/div[2]/div[5]/div/a/span}]
Capabilities {acceptInsecureCerts: false, browserName: chrome, browserVersion: 129.0.6668.60, chrome: {chromedriverVersion: 129.0.6668.89 (951c0b97221f..., userDataDir: C:\Users\KIM~1.VIT\AppData\...}, fedcm:accounts: true, goog:chromeOptions: {debuggerAddress: localhost:52528}, networkConnectionEnabled: false, pageLoadStrategy: normal, platformName: windows, proxy: Proxy(), se:cdp: ws://localhost:52528/devtoo..., se:cdpVersion: 129.0.6668.60, setWindowRect: true, strictFileInteractability: false, timeouts: {implicit: 0, pageLoad: 300000, script: 30000}, unhandledPromptBehavior: dismiss and notify, webauthn:extension:credBlob: true, webauthn:extension:largeBlob: true, webauthn:extension:minPinLength: true, webauthn:extension:prf: true, webauthn:virtualAuthenticators: true}
Session ID: 7e7469b6b24e76e03f8397239a921aed
[INFO ] 2024-10-02 09:28:45.964 - org.openqa.selenium.InvalidSelectorException: invalid selector
from javascript error: {"status":32,"value":"Unable to locate an element with the xpath expression //*[@id=\\\"minicart-content-wrapper\\\"]/div[2]/div[5]/div/a/span because of the following error:\nSyntaxError: Failed to execute 'evaluate' on 'Document': The string '//*[@id=\\\"minicart-content-wrapper\\\"]/div[2]/div[5]/div/a/span' is not a valid XPath expression."}
  (Session info: chrome=129.0.6668.60)
For documentation on this error, please visit: https://www.selenium.dev/documentation/webdriver/troubleshooting/errors#invalid-selector-exception
Build info: version: '4.10.0', revision: 'c14d967899'
System info: os.name: 'Windows 10', os.arch: 'amd64', os.version: '10.0', java.version: '17.0.10'
Driver info: org.openqa.selenium.chrome.ChromeDriver
Command: [7e7469b6b24e76e03f8397239a921aed, findElement {using=xpath, value=//*[@id=\"minicart-content-wrapper\"]/div[2]/div[5]/div/a/span}]
Capabilities {acceptInsecureCerts: false, browserName: chrome, browserVersion: 129.0.6668.60, chrome: {chromedriverVersion: 129.0.6668.89 (951c0b97221f..., userDataDir: C:\Users\KIM~1.VIT\AppData\...}, fedcm:accounts: true, goog:chromeOptions: {debuggerAddress: localhost:52528}, networkConnectionEnabled: false, pageLoadStrategy: normal, platformName: windows, proxy: Proxy(), se:cdp: ws://localhost:52528/devtoo..., se:cdpVersion: 129.0.6668.60, setWindowRect: true, strictFileInteractability: false, timeouts: {implicit: 0, pageLoad: 300000, script: 30000}, unhandledPromptBehavior: dismiss and notify, webauthn:extension:credBlob: true, webauthn:extension:largeBlob: true, webauthn:extension:minPinLength: true, webauthn:extension:prf: true, webauthn:virtualAuthenticators: true}
Session ID: 7e7469b6b24e76e03f8397239a921aed
[INFO ] 2024-10-02 09:28:45.964 - =================================== END TEST ===================================
