[INFO ] 2024-10-11 14:29:11.670 - =================================== START TEST ===================================
[INFO ] 2024-10-11 14:29:11.679 - Test Case report initialize for TestCase007
[INFO ] 2024-10-11 14:29:55.256 - PASSED - Step 1 - signIn was clicked.
[INFO ] 2024-10-11 14:29:55.771 - PASSED - Step 2 - email is populated with tc05@test.com.
[INFO ] 2024-10-11 14:29:55.913 - PASSED - Step 3 - password is populated with Qwerty123.
[INFO ] 2024-10-11 14:29:55.939 - PASSED - Step 4 - Scrolled to position: x = 0, y = 300
[INFO ] 2024-10-11 14:29:58.460 - PASSED - Step 5 - logIn was clicked.
[INFO ] 2024-10-11 14:29:58.813 - PASSED - Step 6 - Moved to hoverMen.
[INFO ] 2024-10-11 14:29:59.005 - PASSED - Step 7 - Moved to hoverTops.
[INFO ] 2024-10-11 14:30:08.542 - PASSED - Step 8 - jackets was clicked.
[INFO ] 2024-10-11 14:30:08.587 - PASSED - Step 9 - Scrolled to position: x = 0, y = 500
[INFO ] 2024-10-11 14:30:18.594 - PASSED - Step 10 - proteusJacket was clicked.
[INFO ] 2024-10-11 14:30:18.619 - PASSED - Step 11 - Scrolled to position: x = 0, y = 800
[INFO ] 2024-10-11 14:30:20.762 - PASSED - Step 12 - review was clicked.
[ERROR] 2024-10-11 14:30:26.801 - FAILED - org.openqa.selenium.InvalidSelectorException: invalid selector
from javascript error: {"status":32,"value":"Unable to locate an element with the xpath expression (//label[@title='1 star'] because of the following error:\nSyntaxError: Failed to execute 'evaluate' on 'Document': The string '(//label[@title='1 star']' is not a valid XPath expression."}
  (Session info: chrome=129.0.6668.90)
For documentation on this error, please visit: https://www.selenium.dev/documentation/webdriver/troubleshooting/errors#invalid-selector-exception
Build info: version: '4.10.0', revision: 'c14d967899'
System info: os.name: 'Windows 10', os.arch: 'amd64', os.version: '10.0', java.version: '17.0.10'
Driver info: org.openqa.selenium.chrome.ChromeDriver
Command: [6dde831ac34dd3dc026e09131e2bc84a, findElement {using=xpath, value=(//label[@title='1 star']}]
Capabilities {acceptInsecureCerts: false, browserName: chrome, browserVersion: 129.0.6668.90, chrome: {chromedriverVersion: 129.0.6668.100 (cf58cba358d..., userDataDir: C:\Users\KIM~1.VIT\AppData\...}, fedcm:accounts: true, goog:chromeOptions: {debuggerAddress: localhost:50492}, networkConnectionEnabled: false, pageLoadStrategy: normal, platformName: windows, proxy: Proxy(), se:cdp: ws://localhost:50492/devtoo..., se:cdpVersion: 129.0.6668.90, setWindowRect: true, strictFileInteractability: false, timeouts: {implicit: 0, pageLoad: 300000, script: 30000}, unhandledPromptBehavior: dismiss and notify, webauthn:extension:credBlob: true, webauthn:extension:largeBlob: true, webauthn:extension:minPinLength: true, webauthn:extension:prf: true, webauthn:virtualAuthenticators: true}
Session ID: 6dde831ac34dd3dc026e09131e2bc84a
[INFO ] 2024-10-11 14:30:26.806 - org.openqa.selenium.InvalidSelectorException: invalid selector
from javascript error: {"status":32,"value":"Unable to locate an element with the xpath expression (//label[@title='1 star'] because of the following error:\nSyntaxError: Failed to execute 'evaluate' on 'Document': The string '(//label[@title='1 star']' is not a valid XPath expression."}
  (Session info: chrome=129.0.6668.90)
For documentation on this error, please visit: https://www.selenium.dev/documentation/webdriver/troubleshooting/errors#invalid-selector-exception
Build info: version: '4.10.0', revision: 'c14d967899'
System info: os.name: 'Windows 10', os.arch: 'amd64', os.version: '10.0', java.version: '17.0.10'
Driver info: org.openqa.selenium.chrome.ChromeDriver
Command: [6dde831ac34dd3dc026e09131e2bc84a, findElement {using=xpath, value=(//label[@title='1 star']}]
Capabilities {acceptInsecureCerts: false, browserName: chrome, browserVersion: 129.0.6668.90, chrome: {chromedriverVersion: 129.0.6668.100 (cf58cba358d..., userDataDir: C:\Users\KIM~1.VIT\AppData\...}, fedcm:accounts: true, goog:chromeOptions: {debuggerAddress: localhost:50492}, networkConnectionEnabled: false, pageLoadStrategy: normal, platformName: windows, proxy: Proxy(), se:cdp: ws://localhost:50492/devtoo..., se:cdpVersion: 129.0.6668.90, setWindowRect: true, strictFileInteractability: false, timeouts: {implicit: 0, pageLoad: 300000, script: 30000}, unhandledPromptBehavior: dismiss and notify, webauthn:extension:credBlob: true, webauthn:extension:largeBlob: true, webauthn:extension:minPinLength: true, webauthn:extension:prf: true, webauthn:virtualAuthenticators: true}
Session ID: 6dde831ac34dd3dc026e09131e2bc84a
[INFO ] 2024-10-11 14:30:26.807 - =================================== END TEST ===================================
