[INFO ] 2024-11-11 15:27:35.492 - =================================== START TEST ===================================
[INFO ] 2024-11-11 15:27:35.504 - Test Case report initialize for TestCase004
[INFO ] 2024-11-11 15:28:12.918 - PASSED - Step 1 - signIn was clicked.
[INFO ] 2024-11-11 15:28:13.521 - PASSED - Step 2 - email is populated with email4@gmail.com.
[INFO ] 2024-11-11 15:28:13.637 - PASSED - Step 3 - password is populated with Qwerty123.
[INFO ] 2024-11-11 15:28:16.181 - PASSED - Step 4 - logIn was clicked.
[INFO ] 2024-11-11 15:28:16.390 - PASSED - Step 5 - Moved to hoverMen.
[INFO ] 2024-11-11 15:28:16.572 - PASSED - Step 6 - Moved to hoverTops.
[INFO ] 2024-11-11 15:28:20.151 - PASSED - Step 7 - jackets was clicked.
[INFO ] 2024-11-11 15:28:22.210 - PASSED - Step 8 - showCart was clicked.
[INFO ] 2024-11-11 15:28:26.506 - PASSED - Step 9 - proteusJacket was clicked.
[INFO ] 2024-11-11 15:28:28.578 - PASSED - Step 10 - proteusXS was clicked.
[INFO ] 2024-11-11 15:28:30.646 - PASSED - Step 11 - proteusBlue was clicked.
[INFO ] 2024-11-11 15:28:32.713 - PASSED - Step 12 - addToCart was clicked.
[INFO ] 2024-11-11 15:28:34.761 - PASSED - Step 13 - showCart was clicked.
[INFO ] 2024-11-11 15:28:41.820 - PASSED - Step 14 - checkout was clicked.
[INFO ] 2024-11-11 15:28:42.241 - PASSED - Step 15 - company is populated with Test Company.
[INFO ] 2024-11-11 15:28:42.568 - PASSED - Step 16 - address is populated with Address 1.
[INFO ] 2024-11-11 15:28:42.749 - PASSED - Step 17 - city is populated with Test City.
[INFO ] 2024-11-11 15:28:44.808 - PASSED - Step 18 - country was clicked.
[INFO ] 2024-11-11 15:28:46.865 - PASSED - Step 19 - country was clicked.
[ERROR] 2024-11-11 15:29:03.335 - FAILED - org.openqa.selenium.ElementNotInteractableException: element not interactable
  (Session info: chrome=130.0.6723.117)
Build info: version: '4.10.0', revision: 'c14d967899'
System info: os.name: 'Windows 10', os.arch: 'amd64', os.version: '10.0', java.version: '17.0.10'
Driver info: org.openqa.selenium.chrome.ChromeDriver
Command: [5b89df9b5af2a976cca76cdc58a6dd43, sendKeysToElement {id=f.86380F7FF2318936B0DC35A72D98BB64.d.369E17D3CAE1E4227DF2E8FFF0C0459A.e.404, value=[Ljava.lang.CharSequence;@21b2579d}]
Capabilities {acceptInsecureCerts: false, browserName: chrome, browserVersion: 130.0.6723.117, chrome: {chromedriverVersion: 130.0.6723.116 (6ac35f94ae3..., userDataDir: C:\Users\KIM~1.VIT\AppData\...}, fedcm:accounts: true, goog:chromeOptions: {debuggerAddress: localhost:50766}, networkConnectionEnabled: false, pageLoadStrategy: normal, platformName: windows, proxy: Proxy(), se:cdp: ws://localhost:50766/devtoo..., se:cdpVersion: 130.0.6723.117, setWindowRect: true, strictFileInteractability: false, timeouts: {implicit: 0, pageLoad: 300000, script: 30000}, unhandledPromptBehavior: dismiss and notify, webauthn:extension:credBlob: true, webauthn:extension:largeBlob: true, webauthn:extension:minPinLength: true, webauthn:extension:prf: true, webauthn:virtualAuthenticators: true}
Element: [[ChromeDriver: chrome on windows (5b89df9b5af2a976cca76cdc58a6dd43)] -> xpath: //input[@name="region"]]
Session ID: 5b89df9b5af2a976cca76cdc58a6dd43
[INFO ] 2024-11-11 15:29:03.337 - org.openqa.selenium.ElementNotInteractableException: element not interactable
  (Session info: chrome=130.0.6723.117)
Build info: version: '4.10.0', revision: 'c14d967899'
System info: os.name: 'Windows 10', os.arch: 'amd64', os.version: '10.0', java.version: '17.0.10'
Driver info: org.openqa.selenium.chrome.ChromeDriver
Command: [5b89df9b5af2a976cca76cdc58a6dd43, sendKeysToElement {id=f.86380F7FF2318936B0DC35A72D98BB64.d.369E17D3CAE1E4227DF2E8FFF0C0459A.e.404, value=[Ljava.lang.CharSequence;@21b2579d}]
Capabilities {acceptInsecureCerts: false, browserName: chrome, browserVersion: 130.0.6723.117, chrome: {chromedriverVersion: 130.0.6723.116 (6ac35f94ae3..., userDataDir: C:\Users\KIM~1.VIT\AppData\...}, fedcm:accounts: true, goog:chromeOptions: {debuggerAddress: localhost:50766}, networkConnectionEnabled: false, pageLoadStrategy: normal, platformName: windows, proxy: Proxy(), se:cdp: ws://localhost:50766/devtoo..., se:cdpVersion: 130.0.6723.117, setWindowRect: true, strictFileInteractability: false, timeouts: {implicit: 0, pageLoad: 300000, script: 30000}, unhandledPromptBehavior: dismiss and notify, webauthn:extension:credBlob: true, webauthn:extension:largeBlob: true, webauthn:extension:minPinLength: true, webauthn:extension:prf: true, webauthn:virtualAuthenticators: true}
Element: [[ChromeDriver: chrome on windows (5b89df9b5af2a976cca76cdc58a6dd43)] -> xpath: //input[@name="region"]]
Session ID: 5b89df9b5af2a976cca76cdc58a6dd43
[INFO ] 2024-11-11 15:29:03.338 - =================================== END TEST ===================================
