[INFO ] 2024-10-09 10:31:08.916 - =================================== START TEST ===================================
[INFO ] 2024-10-09 10:31:08.928 - Test Case report initialize for TestCase007
[INFO ] 2024-10-09 10:31:41.288 - PASSED - Step 1 - signIn was clicked.
[INFO ] 2024-10-09 10:31:41.856 - PASSED - Step 2 - email is populated with tc05@test.com.
[INFO ] 2024-10-09 10:31:41.955 - PASSED - Step 3 - password is populated with Qwerty123.
[INFO ] 2024-10-09 10:31:43.326 - PASSED - Step 4 - logIn was clicked.
[INFO ] 2024-10-09 10:31:43.576 - PASSED - Step 5 - Moved to hoverMen.
[INFO ] 2024-10-09 10:31:43.736 - PASSED - Step 6 - Moved to hoverTops.
[INFO ] 2024-10-09 10:31:46.772 - PASSED - Step 7 - jackets was clicked.
[INFO ] 2024-10-09 10:31:48.889 - PASSED - Step 8 - showCart was clicked.
[INFO ] 2024-10-09 10:31:51.994 - PASSED - Step 9 - proteusJacket was clicked.
[INFO ] 2024-10-09 10:31:54.104 - PASSED - Step 10 - proteusXS was clicked.
[INFO ] 2024-10-09 10:31:56.203 - PASSED - Step 11 - proteusBlue was clicked.
[INFO ] 2024-10-09 10:31:58.326 - PASSED - Step 12 - review was clicked.
[ERROR] 2024-10-09 10:32:07.322 - FAILED - org.openqa.selenium.ElementClickInterceptedException: element click intercepted: Element <label class="rating-4" for="Rating_4" title="4 stars" id="Rating_4_label">...</label> is not clickable at point (259, 232). Other element would receive the click: <label class="rating-2" for="Rating_2" title="2 stars" id="Rating_2_label">...</label>
  (Session info: chrome=129.0.6668.90)
Build info: version: '4.10.0', revision: 'c14d967899'
System info: os.name: 'Windows 10', os.arch: 'amd64', os.version: '10.0', java.version: '17.0.10'
Driver info: org.openqa.selenium.chrome.ChromeDriver
Command: [9e234df132deede56b1c21e4c7b87340, clickElement {id=f.543464188A9B9D4217E92BADD001CBB0.d.E1392CBA2B887F6D0084B5C6F123094D.e.347}]
Capabilities {acceptInsecureCerts: false, browserName: chrome, browserVersion: 129.0.6668.90, chrome: {chromedriverVersion: 129.0.6668.91 (b00bc8b76d60..., userDataDir: C:\Users\KIM~1.VIT\AppData\...}, fedcm:accounts: true, goog:chromeOptions: {debuggerAddress: localhost:53324}, networkConnectionEnabled: false, pageLoadStrategy: normal, platformName: windows, proxy: Proxy(), se:cdp: ws://localhost:53324/devtoo..., se:cdpVersion: 129.0.6668.90, setWindowRect: true, strictFileInteractability: false, timeouts: {implicit: 0, pageLoad: 300000, script: 30000}, unhandledPromptBehavior: dismiss and notify, webauthn:extension:credBlob: true, webauthn:extension:largeBlob: true, webauthn:extension:minPinLength: true, webauthn:extension:prf: true, webauthn:virtualAuthenticators: true}
Element: [[ChromeDriver: chrome on windows (9e234df132deede56b1c21e4c7b87340)] -> xpath: //label[@id='Rating_4_label']]
Session ID: 9e234df132deede56b1c21e4c7b87340
[INFO ] 2024-10-09 10:32:07.324 - org.openqa.selenium.ElementClickInterceptedException: element click intercepted: Element <label class="rating-4" for="Rating_4" title="4 stars" id="Rating_4_label">...</label> is not clickable at point (259, 232). Other element would receive the click: <label class="rating-2" for="Rating_2" title="2 stars" id="Rating_2_label">...</label>
  (Session info: chrome=129.0.6668.90)
Build info: version: '4.10.0', revision: 'c14d967899'
System info: os.name: 'Windows 10', os.arch: 'amd64', os.version: '10.0', java.version: '17.0.10'
Driver info: org.openqa.selenium.chrome.ChromeDriver
Command: [9e234df132deede56b1c21e4c7b87340, clickElement {id=f.543464188A9B9D4217E92BADD001CBB0.d.E1392CBA2B887F6D0084B5C6F123094D.e.347}]
Capabilities {acceptInsecureCerts: false, browserName: chrome, browserVersion: 129.0.6668.90, chrome: {chromedriverVersion: 129.0.6668.91 (b00bc8b76d60..., userDataDir: C:\Users\KIM~1.VIT\AppData\...}, fedcm:accounts: true, goog:chromeOptions: {debuggerAddress: localhost:53324}, networkConnectionEnabled: false, pageLoadStrategy: normal, platformName: windows, proxy: Proxy(), se:cdp: ws://localhost:53324/devtoo..., se:cdpVersion: 129.0.6668.90, setWindowRect: true, strictFileInteractability: false, timeouts: {implicit: 0, pageLoad: 300000, script: 30000}, unhandledPromptBehavior: dismiss and notify, webauthn:extension:credBlob: true, webauthn:extension:largeBlob: true, webauthn:extension:minPinLength: true, webauthn:extension:prf: true, webauthn:virtualAuthenticators: true}
Element: [[ChromeDriver: chrome on windows (9e234df132deede56b1c21e4c7b87340)] -> xpath: //label[@id='Rating_4_label']]
Session ID: 9e234df132deede56b1c21e4c7b87340
[INFO ] 2024-10-09 10:32:07.325 - =================================== END TEST ===================================
