[INFO ] 2024-10-02 11:08:03.019 - =================================== START TEST ===================================
[INFO ] 2024-10-02 11:08:03.023 - Test Case report initialize for TestCase002
[INFO ] 2024-10-02 11:08:08.757 - PASSED - Step 1 - signIn was clicked.
[INFO ] 2024-10-02 11:08:08.951 - PASSED - Step 2 - email is populated with kimtest@gmail.com.
[INFO ] 2024-10-02 11:08:09.004 - PASSED - Step 3 - password is populated with Qwerty123.
[INFO ] 2024-10-02 11:08:10.319 - PASSED - Step 4 - logIn was clicked.
[INFO ] 2024-10-02 11:08:10.529 - PASSED - Step 5 - Moved to hoverMen.
[INFO ] 2024-10-02 11:08:10.699 - PASSED - Step 6 - Moved to hoverTops.
[INFO ] 2024-10-02 11:08:11.624 - PASSED - Step 7 - jackets was clicked.
[INFO ] 2024-10-02 11:08:11.756 - PASSED - Step 8 - showCart was clicked.
[INFO ] 2024-10-02 11:08:12.235 - PASSED - Step 9 - proteusJacket was clicked.
[INFO ] 2024-10-02 11:08:12.357 - PASSED - Step 10 - proteusSize was clicked.
[INFO ] 2024-10-02 11:08:12.396 - PASSED - Step 11 - proteusColor was clicked.
[INFO ] 2024-10-02 11:08:12.435 - PASSED - Step 12 - addToCart was clicked.
[INFO ] 2024-10-02 11:08:12.472 - PASSED - Step 13 - showCart was clicked.
[ERROR] 2024-10-02 11:08:16.188 - FAILED - org.openqa.selenium.InvalidSelectorException: invalid selector
from javascript error: {"status":32,"value":"Unable to locate an element with the xpath expression //*[@id=\\\"top-cart-btn-checkout\\\"] because of the following error:\nSyntaxError: Failed to execute 'evaluate' on 'Document': The string '//*[@id=\\\"top-cart-btn-checkout\\\"]' is not a valid XPath expression."}
  (Session info: chrome=129.0.6668.60)
For documentation on this error, please visit: https://www.selenium.dev/documentation/webdriver/troubleshooting/errors#invalid-selector-exception
Build info: version: '4.10.0', revision: 'c14d967899'
System info: os.name: 'Windows 10', os.arch: 'amd64', os.version: '10.0', java.version: '17.0.10'
Driver info: org.openqa.selenium.chrome.ChromeDriver
Command: [3f148bd54805fb7ab029d9904f0fd8e3, findElement {using=xpath, value=//*[@id=\"top-cart-btn-checkout\"]}]
Capabilities {acceptInsecureCerts: false, browserName: chrome, browserVersion: 129.0.6668.60, chrome: {chromedriverVersion: 129.0.6668.89 (951c0b97221f..., userDataDir: C:\Users\KIM~1.VIT\AppData\...}, fedcm:accounts: true, goog:chromeOptions: {debuggerAddress: localhost:60902}, networkConnectionEnabled: false, pageLoadStrategy: normal, platformName: windows, proxy: Proxy(), se:cdp: ws://localhost:60902/devtoo..., se:cdpVersion: 129.0.6668.60, setWindowRect: true, strictFileInteractability: false, timeouts: {implicit: 0, pageLoad: 300000, script: 30000}, unhandledPromptBehavior: dismiss and notify, webauthn:extension:credBlob: true, webauthn:extension:largeBlob: true, webauthn:extension:minPinLength: true, webauthn:extension:prf: true, webauthn:virtualAuthenticators: true}
Session ID: 3f148bd54805fb7ab029d9904f0fd8e3
[INFO ] 2024-10-02 11:08:16.189 - org.openqa.selenium.InvalidSelectorException: invalid selector
from javascript error: {"status":32,"value":"Unable to locate an element with the xpath expression //*[@id=\\\"top-cart-btn-checkout\\\"] because of the following error:\nSyntaxError: Failed to execute 'evaluate' on 'Document': The string '//*[@id=\\\"top-cart-btn-checkout\\\"]' is not a valid XPath expression."}
  (Session info: chrome=129.0.6668.60)
For documentation on this error, please visit: https://www.selenium.dev/documentation/webdriver/troubleshooting/errors#invalid-selector-exception
Build info: version: '4.10.0', revision: 'c14d967899'
System info: os.name: 'Windows 10', os.arch: 'amd64', os.version: '10.0', java.version: '17.0.10'
Driver info: org.openqa.selenium.chrome.ChromeDriver
Command: [3f148bd54805fb7ab029d9904f0fd8e3, findElement {using=xpath, value=//*[@id=\"top-cart-btn-checkout\"]}]
Capabilities {acceptInsecureCerts: false, browserName: chrome, browserVersion: 129.0.6668.60, chrome: {chromedriverVersion: 129.0.6668.89 (951c0b97221f..., userDataDir: C:\Users\KIM~1.VIT\AppData\...}, fedcm:accounts: true, goog:chromeOptions: {debuggerAddress: localhost:60902}, networkConnectionEnabled: false, pageLoadStrategy: normal, platformName: windows, proxy: Proxy(), se:cdp: ws://localhost:60902/devtoo..., se:cdpVersion: 129.0.6668.60, setWindowRect: true, strictFileInteractability: false, timeouts: {implicit: 0, pageLoad: 300000, script: 30000}, unhandledPromptBehavior: dismiss and notify, webauthn:extension:credBlob: true, webauthn:extension:largeBlob: true, webauthn:extension:minPinLength: true, webauthn:extension:prf: true, webauthn:virtualAuthenticators: true}
Session ID: 3f148bd54805fb7ab029d9904f0fd8e3
[INFO ] 2024-10-02 11:08:16.189 - =================================== END TEST ===================================
