[INFO ] 2024-09-30 14:55:37.734 - =================================== START TEST ===================================
[INFO ] 2024-09-30 14:55:37.742 - Test Case report initialize for TestCase002
[INFO ] 2024-09-30 14:55:45.439 - PASSED - Step 1 - signIn was clicked.
[INFO ] 2024-09-30 14:55:45.680 - PASSED - Step 2 - email is populated with kimtest@gmail.com.
[INFO ] 2024-09-30 14:55:45.737 - PASSED - Step 3 - password is populated with Qwerty123.
[INFO ] 2024-09-30 14:55:47.457 - PASSED - Step 4 - logIn was clicked.
[INFO ] 2024-09-30 14:55:47.676 - PASSED - Step 5 - Moved to hoverMen.
[ERROR] 2024-09-30 14:55:54.407 - FAILED - org.openqa.selenium.JavascriptException: javascript error: {"status":60,"value":"https://magento.softwaretestingboard.com/men/tops-men.html has no size and location"}
  (Session info: chrome=129.0.6668.60)
Build info: version: '4.10.0', revision: 'c14d967899'
System info: os.name: 'Windows 10', os.arch: 'amd64', os.version: '10.0', java.version: '17.0.10'
Driver info: org.openqa.selenium.chrome.ChromeDriver
Command: [40e9b904db8742415e2ef5e61ab8f0ba, actions {actions=[org.openqa.selenium.interactions.Sequence@2f61de04]}]
Capabilities {acceptInsecureCerts: false, browserName: chrome, browserVersion: 129.0.6668.60, chrome: {chromedriverVersion: 129.0.6668.70 (df87d5cf12b1..., userDataDir: C:\Users\KIM~1.VIT\AppData\...}, fedcm:accounts: true, goog:chromeOptions: {debuggerAddress: localhost:56261}, networkConnectionEnabled: false, pageLoadStrategy: normal, platformName: windows, proxy: Proxy(), se:cdp: ws://localhost:56261/devtoo..., se:cdpVersion: 129.0.6668.60, setWindowRect: true, strictFileInteractability: false, timeouts: {implicit: 0, pageLoad: 300000, script: 30000}, unhandledPromptBehavior: dismiss and notify, webauthn:extension:credBlob: true, webauthn:extension:largeBlob: true, webauthn:extension:minPinLength: true, webauthn:extension:prf: true, webauthn:virtualAuthenticators: true}
Session ID: 40e9b904db8742415e2ef5e61ab8f0ba
[INFO ] 2024-09-30 14:55:54.408 - org.openqa.selenium.JavascriptException: javascript error: {"status":60,"value":"https://magento.softwaretestingboard.com/men/tops-men.html has no size and location"}
  (Session info: chrome=129.0.6668.60)
Build info: version: '4.10.0', revision: 'c14d967899'
System info: os.name: 'Windows 10', os.arch: 'amd64', os.version: '10.0', java.version: '17.0.10'
Driver info: org.openqa.selenium.chrome.ChromeDriver
Command: [40e9b904db8742415e2ef5e61ab8f0ba, actions {actions=[org.openqa.selenium.interactions.Sequence@2f61de04]}]
Capabilities {acceptInsecureCerts: false, browserName: chrome, browserVersion: 129.0.6668.60, chrome: {chromedriverVersion: 129.0.6668.70 (df87d5cf12b1..., userDataDir: C:\Users\KIM~1.VIT\AppData\...}, fedcm:accounts: true, goog:chromeOptions: {debuggerAddress: localhost:56261}, networkConnectionEnabled: false, pageLoadStrategy: normal, platformName: windows, proxy: Proxy(), se:cdp: ws://localhost:56261/devtoo..., se:cdpVersion: 129.0.6668.60, setWindowRect: true, strictFileInteractability: false, timeouts: {implicit: 0, pageLoad: 300000, script: 30000}, unhandledPromptBehavior: dismiss and notify, webauthn:extension:credBlob: true, webauthn:extension:largeBlob: true, webauthn:extension:minPinLength: true, webauthn:extension:prf: true, webauthn:virtualAuthenticators: true}
Session ID: 40e9b904db8742415e2ef5e61ab8f0ba
[INFO ] 2024-09-30 14:55:54.408 - =================================== END TEST ===================================
