[INFO ] 2024-10-09 10:48:15.189 - =================================== START TEST ===================================
[INFO ] 2024-10-09 10:48:15.194 - Test Case report initialize for TestCase007
[INFO ] 2024-10-09 10:48:48.576 - PASSED - Step 1 - signIn was clicked.
[INFO ] 2024-10-09 10:48:48.783 - PASSED - Step 2 - email is populated with tc05@test.com.
[INFO ] 2024-10-09 10:48:48.840 - PASSED - Step 3 - password is populated with Qwerty123.
[INFO ] 2024-10-09 10:48:50.076 - PASSED - Step 4 - logIn was clicked.
[INFO ] 2024-10-09 10:48:50.284 - PASSED - Step 5 - Moved to hoverMen.
[INFO ] 2024-10-09 10:48:50.423 - PASSED - Step 6 - Moved to hoverTops.
[INFO ] 2024-10-09 10:48:53.156 - PASSED - Step 7 - jackets was clicked.
[ERROR] 2024-10-09 10:49:10.107 - FAILED - org.openqa.selenium.NoSuchElementException: no such element: Unable to locate element: {"method":"xpath","selector":"//a[normalize-space()='Reviews']"}
  (Session info: chrome=129.0.6668.90)
For documentation on this error, please visit: https://www.selenium.dev/documentation/webdriver/troubleshooting/errors#no-such-element-exception
Build info: version: '4.10.0', revision: 'c14d967899'
System info: os.name: 'Windows 10', os.arch: 'amd64', os.version: '10.0', java.version: '17.0.10'
Driver info: org.openqa.selenium.chrome.ChromeDriver
Command: [de84bd8e372afe4d4bf163d895117116, findElement {using=xpath, value=//a[normalize-space()='Reviews']}]
Capabilities {acceptInsecureCerts: false, browserName: chrome, browserVersion: 129.0.6668.90, chrome: {chromedriverVersion: 129.0.6668.91 (b00bc8b76d60..., userDataDir: C:\Users\KIM~1.VIT\AppData\...}, fedcm:accounts: true, goog:chromeOptions: {debuggerAddress: localhost:56027}, networkConnectionEnabled: false, pageLoadStrategy: normal, platformName: windows, proxy: Proxy(), se:cdp: ws://localhost:56027/devtoo..., se:cdpVersion: 129.0.6668.90, setWindowRect: true, strictFileInteractability: false, timeouts: {implicit: 0, pageLoad: 300000, script: 30000}, unhandledPromptBehavior: dismiss and notify, webauthn:extension:credBlob: true, webauthn:extension:largeBlob: true, webauthn:extension:minPinLength: true, webauthn:extension:prf: true, webauthn:virtualAuthenticators: true}
Session ID: de84bd8e372afe4d4bf163d895117116
[INFO ] 2024-10-09 10:49:10.108 - org.openqa.selenium.NoSuchElementException: no such element: Unable to locate element: {"method":"xpath","selector":"//a[normalize-space()='Reviews']"}
  (Session info: chrome=129.0.6668.90)
For documentation on this error, please visit: https://www.selenium.dev/documentation/webdriver/troubleshooting/errors#no-such-element-exception
Build info: version: '4.10.0', revision: 'c14d967899'
System info: os.name: 'Windows 10', os.arch: 'amd64', os.version: '10.0', java.version: '17.0.10'
Driver info: org.openqa.selenium.chrome.ChromeDriver
Command: [de84bd8e372afe4d4bf163d895117116, findElement {using=xpath, value=//a[normalize-space()='Reviews']}]
Capabilities {acceptInsecureCerts: false, browserName: chrome, browserVersion: 129.0.6668.90, chrome: {chromedriverVersion: 129.0.6668.91 (b00bc8b76d60..., userDataDir: C:\Users\KIM~1.VIT\AppData\...}, fedcm:accounts: true, goog:chromeOptions: {debuggerAddress: localhost:56027}, networkConnectionEnabled: false, pageLoadStrategy: normal, platformName: windows, proxy: Proxy(), se:cdp: ws://localhost:56027/devtoo..., se:cdpVersion: 129.0.6668.90, setWindowRect: true, strictFileInteractability: false, timeouts: {implicit: 0, pageLoad: 300000, script: 30000}, unhandledPromptBehavior: dismiss and notify, webauthn:extension:credBlob: true, webauthn:extension:largeBlob: true, webauthn:extension:minPinLength: true, webauthn:extension:prf: true, webauthn:virtualAuthenticators: true}
Session ID: de84bd8e372afe4d4bf163d895117116
[INFO ] 2024-10-09 10:49:10.108 - =================================== END TEST ===================================
