[INFO ] 2024-10-17 14:38:18.354 - =================================== START TEST ===================================
[INFO ] 2024-10-17 14:38:18.360 - Test Case report initialize for TestCase001
[INFO ] 2024-10-17 14:39:06.387 - PASSED - Step 1 - createAccount was clicked.
[INFO ] 2024-10-17 14:39:06.682 - PASSED - Step 2 - firstname is populated with Mitchell.
[INFO ] 2024-10-17 14:39:06.773 - PASSED - Step 3 - lastName is populated with Stark.
[INFO ] 2024-10-17 14:39:06.847 - PASSED - Step 4 - emailAddress is populated with qwerty123@test.com.
[INFO ] 2024-10-17 14:39:06.933 - PASSED - Step 5 - password is populated with Qwerty!123.
[INFO ] 2024-10-17 14:39:07.010 - PASSED - Step 6 - conPassword is populated with Qwerty!123.
[ERROR] 2024-10-17 14:39:10.688 - FAILED - org.openqa.selenium.ElementClickInterceptedException: element click intercepted: Element <span>...</span> is not clickable at point (217, 578). Other element would receive the click: <div id="aswift_1_host" style="border: none !important; height: 124px !important; width: 100% !important; margin: 0px !important; padding: 0px !important; position: relative !important; visibility: visible !important; background-color: transparent !important; display: inline-block !important; inset: auto !important; clear: none !important; float: none !important; max-height: none !important; max-width: none !important; opacity: 1 !important; overflow: visible !important; vertical-align: baseline !important; z-index: auto !important;">...</div>
  (Session info: chrome=129.0.6668.90)
Build info: version: '4.10.0', revision: 'c14d967899'
System info: os.name: 'Windows 10', os.arch: 'amd64', os.version: '10.0', java.version: '17.0.10'
Driver info: org.openqa.selenium.chrome.ChromeDriver
Command: [7bc2c112ac65354cb01bab37175481b5, clickElement {id=f.11507CC8790FB60565DB2CAE8DAD1913.d.866ABF176F4517DBFE3A2C7922F667ED.e.118}]
Capabilities {acceptInsecureCerts: false, browserName: chrome, browserVersion: 129.0.6668.90, chrome: {chromedriverVersion: 129.0.6668.100 (cf58cba358d..., userDataDir: C:\Users\KIM~1.VIT\AppData\...}, fedcm:accounts: true, goog:chromeOptions: {debuggerAddress: localhost:60748}, networkConnectionEnabled: false, pageLoadStrategy: normal, platformName: windows, proxy: Proxy(), se:cdp: ws://localhost:60748/devtoo..., se:cdpVersion: 129.0.6668.90, setWindowRect: true, strictFileInteractability: false, timeouts: {implicit: 0, pageLoad: 300000, script: 30000}, unhandledPromptBehavior: dismiss and notify, webauthn:extension:credBlob: true, webauthn:extension:largeBlob: true, webauthn:extension:minPinLength: true, webauthn:extension:prf: true, webauthn:virtualAuthenticators: true}
Element: [[ChromeDriver: chrome on windows (7bc2c112ac65354cb01bab37175481b5)] -> xpath: (//span[contains(text(),'Create an Account')])[1]]
Session ID: 7bc2c112ac65354cb01bab37175481b5
[INFO ] 2024-10-17 14:39:10.688 - org.openqa.selenium.ElementClickInterceptedException: element click intercepted: Element <span>...</span> is not clickable at point (217, 578). Other element would receive the click: <div id="aswift_1_host" style="border: none !important; height: 124px !important; width: 100% !important; margin: 0px !important; padding: 0px !important; position: relative !important; visibility: visible !important; background-color: transparent !important; display: inline-block !important; inset: auto !important; clear: none !important; float: none !important; max-height: none !important; max-width: none !important; opacity: 1 !important; overflow: visible !important; vertical-align: baseline !important; z-index: auto !important;">...</div>
  (Session info: chrome=129.0.6668.90)
Build info: version: '4.10.0', revision: 'c14d967899'
System info: os.name: 'Windows 10', os.arch: 'amd64', os.version: '10.0', java.version: '17.0.10'
Driver info: org.openqa.selenium.chrome.ChromeDriver
Command: [7bc2c112ac65354cb01bab37175481b5, clickElement {id=f.11507CC8790FB60565DB2CAE8DAD1913.d.866ABF176F4517DBFE3A2C7922F667ED.e.118}]
Capabilities {acceptInsecureCerts: false, browserName: chrome, browserVersion: 129.0.6668.90, chrome: {chromedriverVersion: 129.0.6668.100 (cf58cba358d..., userDataDir: C:\Users\KIM~1.VIT\AppData\...}, fedcm:accounts: true, goog:chromeOptions: {debuggerAddress: localhost:60748}, networkConnectionEnabled: false, pageLoadStrategy: normal, platformName: windows, proxy: Proxy(), se:cdp: ws://localhost:60748/devtoo..., se:cdpVersion: 129.0.6668.90, setWindowRect: true, strictFileInteractability: false, timeouts: {implicit: 0, pageLoad: 300000, script: 30000}, unhandledPromptBehavior: dismiss and notify, webauthn:extension:credBlob: true, webauthn:extension:largeBlob: true, webauthn:extension:minPinLength: true, webauthn:extension:prf: true, webauthn:virtualAuthenticators: true}
Element: [[ChromeDriver: chrome on windows (7bc2c112ac65354cb01bab37175481b5)] -> xpath: (//span[contains(text(),'Create an Account')])[1]]
Session ID: 7bc2c112ac65354cb01bab37175481b5
[INFO ] 2024-10-17 14:39:10.689 - =================================== END TEST ===================================
