[INFO ] 2024-10-24 11:28:03.489 - =================================== START TEST ===================================
[INFO ] 2024-10-24 11:28:03.500 - Test Case report initialize for TestCase007
[INFO ] 2024-10-24 11:28:47.065 - PASSED - Step 1 - signIn was clicked.
[INFO ] 2024-10-24 11:28:47.311 - PASSED - Step 2 - email is populated with johndoe1@gmail.com.
[INFO ] 2024-10-24 11:28:47.394 - PASSED - Step 3 - password is populated with Qwerty123.
[INFO ] 2024-10-24 11:28:47.405 - PASSED - Step 4 - Scrolled to position: x = 0, y = 300
[INFO ] 2024-10-24 11:28:51.545 - PASSED - Step 5 - logIn was clicked.
[INFO ] 2024-10-24 11:28:53.635 - PASSED - Step 6 - menuDropdown was clicked.
[INFO ] 2024-10-24 11:28:59.460 - PASSED - Step 7 - myAccount was clicked.
[INFO ] 2024-10-24 11:29:04.687 - PASSED - Step 8 - addressBook was clicked.
[INFO ] 2024-10-24 11:29:09.914 - PASSED - Step 9 - addAddress was clicked.
[INFO ] 2024-10-24 11:29:10.053 - PASSED - Step 10 - newCompany is populated with New Company 1.
[INFO ] 2024-10-24 11:29:10.142 - PASSED - Step 11 - newPhoneNumber is populated with 091234567899.
[INFO ] 2024-10-24 11:29:10.224 - PASSED - Step 12 - newStreet is populated with New Address 1.
[INFO ] 2024-10-24 11:29:10.388 - PASSED - Step 13 - newCity is populated with New City 1.
[INFO ] 2024-10-24 11:29:12.442 - PASSED - Step 14 - country was clicked.
[INFO ] 2024-10-24 11:29:14.498 - PASSED - Step 15 - newCountry was clicked.
[ERROR] 2024-10-24 11:29:29.362 - FAILED - org.openqa.selenium.ElementNotInteractableException: element not interactable
  (Session info: chrome=129.0.6668.103)
Build info: version: '4.10.0', revision: 'c14d967899'
System info: os.name: 'Windows 10', os.arch: 'amd64', os.version: '10.0', java.version: '17.0.10'
Driver info: org.openqa.selenium.chrome.ChromeDriver
Command: [7f0ac802b07d8334f36f7cc4bdd818f3, sendKeysToElement {id=f.1419F3653E902F0D528BDB7064F5B437.d.B6E15BBFABA7990CFDD8841F67C0592B.e.259, value=[Ljava.lang.CharSequence;@d763b06}]
Capabilities {acceptInsecureCerts: false, browserName: chrome, browserVersion: 129.0.6668.103, chrome: {chromedriverVersion: 129.0.6668.100 (cf58cba358d..., userDataDir: C:\Users\KIM~1.VIT\AppData\...}, fedcm:accounts: true, goog:chromeOptions: {debuggerAddress: localhost:58726}, networkConnectionEnabled: false, pageLoadStrategy: normal, platformName: windows, proxy: Proxy(), se:cdp: ws://localhost:58726/devtoo..., se:cdpVersion: 129.0.6668.103, setWindowRect: true, strictFileInteractability: false, timeouts: {implicit: 0, pageLoad: 300000, script: 30000}, unhandledPromptBehavior: dismiss and notify, webauthn:extension:credBlob: true, webauthn:extension:largeBlob: true, webauthn:extension:minPinLength: true, webauthn:extension:prf: true, webauthn:virtualAuthenticators: true}
Element: [[ChromeDriver: chrome on windows (7f0ac802b07d8334f36f7cc4bdd818f3)] -> xpath: //input[@class="input-text validate-not-number-first"]]
Session ID: 7f0ac802b07d8334f36f7cc4bdd818f3
[INFO ] 2024-10-24 11:29:29.363 - org.openqa.selenium.ElementNotInteractableException: element not interactable
  (Session info: chrome=129.0.6668.103)
Build info: version: '4.10.0', revision: 'c14d967899'
System info: os.name: 'Windows 10', os.arch: 'amd64', os.version: '10.0', java.version: '17.0.10'
Driver info: org.openqa.selenium.chrome.ChromeDriver
Command: [7f0ac802b07d8334f36f7cc4bdd818f3, sendKeysToElement {id=f.1419F3653E902F0D528BDB7064F5B437.d.B6E15BBFABA7990CFDD8841F67C0592B.e.259, value=[Ljava.lang.CharSequence;@d763b06}]
Capabilities {acceptInsecureCerts: false, browserName: chrome, browserVersion: 129.0.6668.103, chrome: {chromedriverVersion: 129.0.6668.100 (cf58cba358d..., userDataDir: C:\Users\KIM~1.VIT\AppData\...}, fedcm:accounts: true, goog:chromeOptions: {debuggerAddress: localhost:58726}, networkConnectionEnabled: false, pageLoadStrategy: normal, platformName: windows, proxy: Proxy(), se:cdp: ws://localhost:58726/devtoo..., se:cdpVersion: 129.0.6668.103, setWindowRect: true, strictFileInteractability: false, timeouts: {implicit: 0, pageLoad: 300000, script: 30000}, unhandledPromptBehavior: dismiss and notify, webauthn:extension:credBlob: true, webauthn:extension:largeBlob: true, webauthn:extension:minPinLength: true, webauthn:extension:prf: true, webauthn:virtualAuthenticators: true}
Element: [[ChromeDriver: chrome on windows (7f0ac802b07d8334f36f7cc4bdd818f3)] -> xpath: //input[@class="input-text validate-not-number-first"]]
Session ID: 7f0ac802b07d8334f36f7cc4bdd818f3
[INFO ] 2024-10-24 11:29:29.364 - =================================== END TEST ===================================
