[INFO ] 2024-10-09 10:50:55.718 - =================================== START TEST ===================================
[INFO ] 2024-10-09 10:50:55.723 - Test Case report initialize for TestCase007
[INFO ] 2024-10-09 10:51:30.607 - PASSED - Step 1 - signIn was clicked.
[INFO ] 2024-10-09 10:51:30.799 - PASSED - Step 2 - email is populated with tc05@test.com.
[INFO ] 2024-10-09 10:51:30.860 - PASSED - Step 3 - password is populated with Qwerty123.
[INFO ] 2024-10-09 10:51:32.123 - PASSED - Step 4 - logIn was clicked.
[INFO ] 2024-10-09 10:51:32.339 - PASSED - Step 5 - Moved to hoverMen.
[INFO ] 2024-10-09 10:51:32.480 - PASSED - Step 6 - Moved to hoverTops.
[INFO ] 2024-10-09 10:51:35.271 - PASSED - Step 7 - jackets was clicked.
[ERROR] 2024-10-09 10:51:52.339 - FAILED - org.openqa.selenium.NoSuchElementException: no such element: Unable to locate element: {"method":"xpath","selector":"//a[@id='tab-label-reviews-title']"}
  (Session info: chrome=129.0.6668.90)
For documentation on this error, please visit: https://www.selenium.dev/documentation/webdriver/troubleshooting/errors#no-such-element-exception
Build info: version: '4.10.0', revision: 'c14d967899'
System info: os.name: 'Windows 10', os.arch: 'amd64', os.version: '10.0', java.version: '17.0.10'
Driver info: org.openqa.selenium.chrome.ChromeDriver
Command: [43bbc300dbbdd56e88217077bb372421, findElement {using=xpath, value=//a[@id='tab-label-reviews-title']}]
Capabilities {acceptInsecureCerts: false, browserName: chrome, browserVersion: 129.0.6668.90, chrome: {chromedriverVersion: 129.0.6668.91 (b00bc8b76d60..., userDataDir: C:\Users\KIM~1.VIT\AppData\...}, fedcm:accounts: true, goog:chromeOptions: {debuggerAddress: localhost:56383}, networkConnectionEnabled: false, pageLoadStrategy: normal, platformName: windows, proxy: Proxy(), se:cdp: ws://localhost:56383/devtoo..., se:cdpVersion: 129.0.6668.90, setWindowRect: true, strictFileInteractability: false, timeouts: {implicit: 0, pageLoad: 300000, script: 30000}, unhandledPromptBehavior: dismiss and notify, webauthn:extension:credBlob: true, webauthn:extension:largeBlob: true, webauthn:extension:minPinLength: true, webauthn:extension:prf: true, webauthn:virtualAuthenticators: true}
Session ID: 43bbc300dbbdd56e88217077bb372421
[INFO ] 2024-10-09 10:51:52.339 - org.openqa.selenium.NoSuchElementException: no such element: Unable to locate element: {"method":"xpath","selector":"//a[@id='tab-label-reviews-title']"}
  (Session info: chrome=129.0.6668.90)
For documentation on this error, please visit: https://www.selenium.dev/documentation/webdriver/troubleshooting/errors#no-such-element-exception
Build info: version: '4.10.0', revision: 'c14d967899'
System info: os.name: 'Windows 10', os.arch: 'amd64', os.version: '10.0', java.version: '17.0.10'
Driver info: org.openqa.selenium.chrome.ChromeDriver
Command: [43bbc300dbbdd56e88217077bb372421, findElement {using=xpath, value=//a[@id='tab-label-reviews-title']}]
Capabilities {acceptInsecureCerts: false, browserName: chrome, browserVersion: 129.0.6668.90, chrome: {chromedriverVersion: 129.0.6668.91 (b00bc8b76d60..., userDataDir: C:\Users\KIM~1.VIT\AppData\...}, fedcm:accounts: true, goog:chromeOptions: {debuggerAddress: localhost:56383}, networkConnectionEnabled: false, pageLoadStrategy: normal, platformName: windows, proxy: Proxy(), se:cdp: ws://localhost:56383/devtoo..., se:cdpVersion: 129.0.6668.90, setWindowRect: true, strictFileInteractability: false, timeouts: {implicit: 0, pageLoad: 300000, script: 30000}, unhandledPromptBehavior: dismiss and notify, webauthn:extension:credBlob: true, webauthn:extension:largeBlob: true, webauthn:extension:minPinLength: true, webauthn:extension:prf: true, webauthn:virtualAuthenticators: true}
Session ID: 43bbc300dbbdd56e88217077bb372421
[INFO ] 2024-10-09 10:51:52.340 - =================================== END TEST ===================================
