[INFO ] 2024-10-03 14:06:20.625 - =================================== START TEST ===================================
[INFO ] 2024-10-03 14:06:20.638 - Test Case report initialize for TestCase001
[INFO ] 2024-10-03 14:06:27.316 - PASSED - Step 1 - Moved to hoverMen.
[INFO ] 2024-10-03 14:06:27.466 - PASSED - Step 2 - Moved to hoverTops.
[INFO ] 2024-10-03 14:06:30.563 - PASSED - Step 3 - jackets was clicked.
[INFO ] 2024-10-03 14:06:32.652 - PASSED - Step 4 - showCart was clicked.
[INFO ] 2024-10-03 14:06:38.788 - PASSED - Step 5 - proteusJacket was clicked.
[INFO ] 2024-10-03 14:06:40.885 - PASSED - Step 6 - proteusSize was clicked.
[INFO ] 2024-10-03 14:06:42.999 - PASSED - Step 7 - proteusColor was clicked.
[INFO ] 2024-10-03 14:06:45.104 - PASSED - Step 8 - addToCart was clicked.
[INFO ] 2024-10-03 14:06:47.203 - PASSED - Step 9 - showCart was clicked.
[ERROR] 2024-10-03 14:07:04.282 - FAILED - org.openqa.selenium.ElementNotInteractableException: element not interactable
  (Session info: chrome=129.0.6668.60)
Build info: version: '4.10.0', revision: 'c14d967899'
System info: os.name: 'Windows 10', os.arch: 'amd64', os.version: '10.0', java.version: '17.0.10'
Driver info: org.openqa.selenium.chrome.ChromeDriver
Command: [766f45da2157d9430eef496eec7881b7, clickElement {id=f.71FC49C665913024CE664814F8691FFB.d.A8BC26FAC7AEAA5B4842681AB06908E9.e.261}]
Capabilities {acceptInsecureCerts: false, browserName: chrome, browserVersion: 129.0.6668.60, chrome: {chromedriverVersion: 129.0.6668.89 (951c0b97221f..., userDataDir: C:\Users\KIM~1.VIT\AppData\...}, fedcm:accounts: true, goog:chromeOptions: {debuggerAddress: localhost:55462}, networkConnectionEnabled: false, pageLoadStrategy: normal, platformName: windows, proxy: Proxy(), se:cdp: ws://localhost:55462/devtoo..., se:cdpVersion: 129.0.6668.60, setWindowRect: true, strictFileInteractability: false, timeouts: {implicit: 0, pageLoad: 300000, script: 30000}, unhandledPromptBehavior: dismiss and notify, webauthn:extension:credBlob: true, webauthn:extension:largeBlob: true, webauthn:extension:minPinLength: true, webauthn:extension:prf: true, webauthn:virtualAuthenticators: true}
Element: [[ChromeDriver: chrome on windows (766f45da2157d9430eef496eec7881b7)] -> xpath: //button[@id='top-cart-btn-checkout']]
Session ID: 766f45da2157d9430eef496eec7881b7
[INFO ] 2024-10-03 14:07:04.283 - org.openqa.selenium.ElementNotInteractableException: element not interactable
  (Session info: chrome=129.0.6668.60)
Build info: version: '4.10.0', revision: 'c14d967899'
System info: os.name: 'Windows 10', os.arch: 'amd64', os.version: '10.0', java.version: '17.0.10'
Driver info: org.openqa.selenium.chrome.ChromeDriver
Command: [766f45da2157d9430eef496eec7881b7, clickElement {id=f.71FC49C665913024CE664814F8691FFB.d.A8BC26FAC7AEAA5B4842681AB06908E9.e.261}]
Capabilities {acceptInsecureCerts: false, browserName: chrome, browserVersion: 129.0.6668.60, chrome: {chromedriverVersion: 129.0.6668.89 (951c0b97221f..., userDataDir: C:\Users\KIM~1.VIT\AppData\...}, fedcm:accounts: true, goog:chromeOptions: {debuggerAddress: localhost:55462}, networkConnectionEnabled: false, pageLoadStrategy: normal, platformName: windows, proxy: Proxy(), se:cdp: ws://localhost:55462/devtoo..., se:cdpVersion: 129.0.6668.60, setWindowRect: true, strictFileInteractability: false, timeouts: {implicit: 0, pageLoad: 300000, script: 30000}, unhandledPromptBehavior: dismiss and notify, webauthn:extension:credBlob: true, webauthn:extension:largeBlob: true, webauthn:extension:minPinLength: true, webauthn:extension:prf: true, webauthn:virtualAuthenticators: true}
Element: [[ChromeDriver: chrome on windows (766f45da2157d9430eef496eec7881b7)] -> xpath: //button[@id='top-cart-btn-checkout']]
Session ID: 766f45da2157d9430eef496eec7881b7
[INFO ] 2024-10-03 14:07:04.283 - =================================== END TEST ===================================
