[INFO ] 2024-10-17 14:29:19.132 - =================================== START TEST ===================================
[INFO ] 2024-10-17 14:29:19.141 - Test Case report initialize for TestCase007
[INFO ] 2024-10-17 14:30:00.260 - PASSED - Step 1 - signIn was clicked.
[INFO ] 2024-10-17 14:30:00.462 - PASSED - Step 2 - email is populated with tc05@test.com.
[INFO ] 2024-10-17 14:30:00.579 - PASSED - Step 3 - password is populated with Qwerty123.
[INFO ] 2024-10-17 14:30:00.585 - PASSED - Step 4 - Scrolled to position: x = 0, y = 300
[INFO ] 2024-10-17 14:30:03.784 - PASSED - Step 5 - logIn was clicked.
[INFO ] 2024-10-17 14:30:03.956 - PASSED - Step 6 - Moved to hoverMen.
[INFO ] 2024-10-17 14:30:04.128 - PASSED - Step 7 - Moved to hoverTops.
[INFO ] 2024-10-17 14:30:07.711 - PASSED - Step 8 - jackets was clicked.
[INFO ] 2024-10-17 14:30:12.697 - PASSED - Step 9 - proteusJacket was clicked.
[INFO ] 2024-10-17 14:30:14.829 - PASSED - Step 10 - review was clicked.
[ERROR] 2024-10-17 14:30:18.753 - FAILED - org.openqa.selenium.InvalidSelectorException: invalid selector
from javascript error: {"status":32,"value":"Unable to locate an element with the xpath expression (//label[@title='1 star'] because of the following error:\nSyntaxError: Failed to execute 'evaluate' on 'Document': The string '(//label[@title='1 star']' is not a valid XPath expression."}
  (Session info: chrome=129.0.6668.90)
For documentation on this error, please visit: https://www.selenium.dev/documentation/webdriver/troubleshooting/errors#invalid-selector-exception
Build info: version: '4.10.0', revision: 'c14d967899'
System info: os.name: 'Windows 10', os.arch: 'amd64', os.version: '10.0', java.version: '17.0.10'
Driver info: org.openqa.selenium.chrome.ChromeDriver
Command: [b1c85de1cf24342da91687403a5415c7, findElement {using=xpath, value=(//label[@title='1 star']}]
Capabilities {acceptInsecureCerts: false, browserName: chrome, browserVersion: 129.0.6668.90, chrome: {chromedriverVersion: 129.0.6668.100 (cf58cba358d..., userDataDir: C:\Users\KIM~1.VIT\AppData\...}, fedcm:accounts: true, goog:chromeOptions: {debuggerAddress: localhost:60107}, networkConnectionEnabled: false, pageLoadStrategy: normal, platformName: windows, proxy: Proxy(), se:cdp: ws://localhost:60107/devtoo..., se:cdpVersion: 129.0.6668.90, setWindowRect: true, strictFileInteractability: false, timeouts: {implicit: 0, pageLoad: 300000, script: 30000}, unhandledPromptBehavior: dismiss and notify, webauthn:extension:credBlob: true, webauthn:extension:largeBlob: true, webauthn:extension:minPinLength: true, webauthn:extension:prf: true, webauthn:virtualAuthenticators: true}
Session ID: b1c85de1cf24342da91687403a5415c7
[INFO ] 2024-10-17 14:30:18.754 - org.openqa.selenium.InvalidSelectorException: invalid selector
from javascript error: {"status":32,"value":"Unable to locate an element with the xpath expression (//label[@title='1 star'] because of the following error:\nSyntaxError: Failed to execute 'evaluate' on 'Document': The string '(//label[@title='1 star']' is not a valid XPath expression."}
  (Session info: chrome=129.0.6668.90)
For documentation on this error, please visit: https://www.selenium.dev/documentation/webdriver/troubleshooting/errors#invalid-selector-exception
Build info: version: '4.10.0', revision: 'c14d967899'
System info: os.name: 'Windows 10', os.arch: 'amd64', os.version: '10.0', java.version: '17.0.10'
Driver info: org.openqa.selenium.chrome.ChromeDriver
Command: [b1c85de1cf24342da91687403a5415c7, findElement {using=xpath, value=(//label[@title='1 star']}]
Capabilities {acceptInsecureCerts: false, browserName: chrome, browserVersion: 129.0.6668.90, chrome: {chromedriverVersion: 129.0.6668.100 (cf58cba358d..., userDataDir: C:\Users\KIM~1.VIT\AppData\...}, fedcm:accounts: true, goog:chromeOptions: {debuggerAddress: localhost:60107}, networkConnectionEnabled: false, pageLoadStrategy: normal, platformName: windows, proxy: Proxy(), se:cdp: ws://localhost:60107/devtoo..., se:cdpVersion: 129.0.6668.90, setWindowRect: true, strictFileInteractability: false, timeouts: {implicit: 0, pageLoad: 300000, script: 30000}, unhandledPromptBehavior: dismiss and notify, webauthn:extension:credBlob: true, webauthn:extension:largeBlob: true, webauthn:extension:minPinLength: true, webauthn:extension:prf: true, webauthn:virtualAuthenticators: true}
Session ID: b1c85de1cf24342da91687403a5415c7
[INFO ] 2024-10-17 14:30:18.754 - =================================== END TEST ===================================
