[INFO ] 2024-10-17 16:31:09.122 - =================================== START TEST ===================================
[INFO ] 2024-10-17 16:31:09.131 - Test Case report initialize for TestCase007
[INFO ] 2024-10-17 16:31:53.325 - PASSED - Step 1 - signIn was clicked.
[INFO ] 2024-10-17 16:31:53.621 - PASSED - Step 2 - email is populated with johndoe1@gmail.com.
[INFO ] 2024-10-17 16:31:53.693 - PASSED - Step 3 - password is populated with Qwerty123.
[INFO ] 2024-10-17 16:31:53.700 - PASSED - Step 4 - Scrolled to position: x = 0, y = 300
[INFO ] 2024-10-17 16:31:56.541 - PASSED - Step 5 - logIn was clicked.
[INFO ] 2024-10-17 16:31:58.622 - PASSED - Step 6 - menuDropdown was clicked.
[INFO ] 2024-10-17 16:32:02.901 - PASSED - Step 7 - myAccount was clicked.
[INFO ] 2024-10-17 16:32:06.792 - PASSED - Step 8 - addressBook was clicked.
[INFO ] 2024-10-17 16:32:10.451 - PASSED - Step 9 - addAddress was clicked.
[INFO ] 2024-10-17 16:32:10.623 - PASSED - Step 10 - newPhoneNumber is populated with 091234567899.
[INFO ] 2024-10-17 16:32:10.705 - PASSED - Step 11 - newCompany is populated with New Company 1.
[INFO ] 2024-10-17 16:32:10.795 - PASSED - Step 12 - newStreet is populated with New Address 1.
[INFO ] 2024-10-17 16:32:10.909 - PASSED - Step 13 - newCity is populated with New City 1.
[INFO ] 2024-10-17 16:32:13.074 - PASSED - Step 14 - country was clicked.
[INFO ] 2024-10-17 16:32:15.182 - PASSED - Step 15 - newCountry was clicked.
[INFO ] 2024-10-17 16:32:17.233 - PASSED - Step 16 - newCountry was clicked.
[ERROR] 2024-10-17 16:32:31.985 - FAILED - org.openqa.selenium.ElementNotInteractableException: element not interactable
  (Session info: chrome=129.0.6668.90)
Build info: version: '4.10.0', revision: 'c14d967899'
System info: os.name: 'Windows 10', os.arch: 'amd64', os.version: '10.0', java.version: '17.0.10'
Driver info: org.openqa.selenium.chrome.ChromeDriver
Command: [509778c8157da91bf55b64fa8fc75980, sendKeysToElement {id=f.9FC9943145B537E7A6A74583DF540849.d.1CE5DA5AED76E0CAA4EC2D7A606616CB.e.231, value=[Ljava.lang.CharSequence;@7c6fc278}]
Capabilities {acceptInsecureCerts: false, browserName: chrome, browserVersion: 129.0.6668.90, chrome: {chromedriverVersion: 129.0.6668.100 (cf58cba358d..., userDataDir: C:\Users\KIM~1.VIT\AppData\...}, fedcm:accounts: true, goog:chromeOptions: {debuggerAddress: localhost:51434}, networkConnectionEnabled: false, pageLoadStrategy: normal, platformName: windows, proxy: Proxy(), se:cdp: ws://localhost:51434/devtoo..., se:cdpVersion: 129.0.6668.90, setWindowRect: true, strictFileInteractability: false, timeouts: {implicit: 0, pageLoad: 300000, script: 30000}, unhandledPromptBehavior: dismiss and notify, webauthn:extension:credBlob: true, webauthn:extension:largeBlob: true, webauthn:extension:minPinLength: true, webauthn:extension:prf: true, webauthn:virtualAuthenticators: true}
Element: [[ChromeDriver: chrome on windows (509778c8157da91bf55b64fa8fc75980)] -> xpath: //select[@title='State/Province']]
Session ID: 509778c8157da91bf55b64fa8fc75980
[INFO ] 2024-10-17 16:32:31.986 - org.openqa.selenium.ElementNotInteractableException: element not interactable
  (Session info: chrome=129.0.6668.90)
Build info: version: '4.10.0', revision: 'c14d967899'
System info: os.name: 'Windows 10', os.arch: 'amd64', os.version: '10.0', java.version: '17.0.10'
Driver info: org.openqa.selenium.chrome.ChromeDriver
Command: [509778c8157da91bf55b64fa8fc75980, sendKeysToElement {id=f.9FC9943145B537E7A6A74583DF540849.d.1CE5DA5AED76E0CAA4EC2D7A606616CB.e.231, value=[Ljava.lang.CharSequence;@7c6fc278}]
Capabilities {acceptInsecureCerts: false, browserName: chrome, browserVersion: 129.0.6668.90, chrome: {chromedriverVersion: 129.0.6668.100 (cf58cba358d..., userDataDir: C:\Users\KIM~1.VIT\AppData\...}, fedcm:accounts: true, goog:chromeOptions: {debuggerAddress: localhost:51434}, networkConnectionEnabled: false, pageLoadStrategy: normal, platformName: windows, proxy: Proxy(), se:cdp: ws://localhost:51434/devtoo..., se:cdpVersion: 129.0.6668.90, setWindowRect: true, strictFileInteractability: false, timeouts: {implicit: 0, pageLoad: 300000, script: 30000}, unhandledPromptBehavior: dismiss and notify, webauthn:extension:credBlob: true, webauthn:extension:largeBlob: true, webauthn:extension:minPinLength: true, webauthn:extension:prf: true, webauthn:virtualAuthenticators: true}
Element: [[ChromeDriver: chrome on windows (509778c8157da91bf55b64fa8fc75980)] -> xpath: //select[@title='State/Province']]
Session ID: 509778c8157da91bf55b64fa8fc75980
[INFO ] 2024-10-17 16:32:31.987 - =================================== END TEST ===================================
