[INFO ] 2024-09-25 15:35:53.401 - =================================== START TEST ===================================
[INFO ] 2024-09-25 15:35:53.407 - Test Case report initialize for TestCase002
[INFO ] 2024-09-25 15:35:58.216 - PASSED - Step 1 - signIn was clicked.
[INFO ] 2024-09-25 15:35:58.410 - PASSED - Step 2 - email is populated with kimtest@gmail.com.
[INFO ] 2024-09-25 15:35:58.451 - PASSED - Step 3 - password is populated with Qwerty123.
[ERROR] 2024-09-25 15:36:00.870 - FAILED - org.openqa.selenium.InvalidSelectorException: invalid selector
from javascript error: {"status":32,"value":"Unable to locate an element with the xpath expression (//fieldset[@data-hasrequired='* Required Fields']//span[contains(text(),'Sign In')] because of the following error:\nSyntaxError: Failed to execute 'evaluate' on 'Document': The string '(//fieldset[@data-hasrequired='* Required Fields']//span[contains(text(),'Sign In')]' is not a valid XPath expression."}
  (Session info: chrome=129.0.6668.60)
For documentation on this error, please visit: https://www.selenium.dev/documentation/webdriver/troubleshooting/errors#invalid-selector-exception
Build info: version: '4.10.0', revision: 'c14d967899'
System info: os.name: 'Windows 10', os.arch: 'amd64', os.version: '10.0', java.version: '17.0.10'
Driver info: org.openqa.selenium.chrome.ChromeDriver
Command: [8c2046bb0c0e89f7d21a46dc23ac4fb8, findElement {using=xpath, value=(//fieldset[@data-hasrequired='* Required Fields']//span[contains(text(),'Sign In')]}]
Capabilities {acceptInsecureCerts: false, browserName: chrome, browserVersion: 129.0.6668.60, chrome: {chromedriverVersion: 129.0.6668.70 (df87d5cf12b1..., userDataDir: C:\Users\KIM~1.VIT\AppData\...}, fedcm:accounts: true, goog:chromeOptions: {debuggerAddress: localhost:52495}, networkConnectionEnabled: false, pageLoadStrategy: normal, platformName: windows, proxy: Proxy(), se:cdp: ws://localhost:52495/devtoo..., se:cdpVersion: 129.0.6668.60, setWindowRect: true, strictFileInteractability: false, timeouts: {implicit: 0, pageLoad: 300000, script: 30000}, unhandledPromptBehavior: dismiss and notify, webauthn:extension:credBlob: true, webauthn:extension:largeBlob: true, webauthn:extension:minPinLength: true, webauthn:extension:prf: true, webauthn:virtualAuthenticators: true}
Session ID: 8c2046bb0c0e89f7d21a46dc23ac4fb8
[INFO ] 2024-09-25 15:36:00.871 - org.openqa.selenium.InvalidSelectorException: invalid selector
from javascript error: {"status":32,"value":"Unable to locate an element with the xpath expression (//fieldset[@data-hasrequired='* Required Fields']//span[contains(text(),'Sign In')] because of the following error:\nSyntaxError: Failed to execute 'evaluate' on 'Document': The string '(//fieldset[@data-hasrequired='* Required Fields']//span[contains(text(),'Sign In')]' is not a valid XPath expression."}
  (Session info: chrome=129.0.6668.60)
For documentation on this error, please visit: https://www.selenium.dev/documentation/webdriver/troubleshooting/errors#invalid-selector-exception
Build info: version: '4.10.0', revision: 'c14d967899'
System info: os.name: 'Windows 10', os.arch: 'amd64', os.version: '10.0', java.version: '17.0.10'
Driver info: org.openqa.selenium.chrome.ChromeDriver
Command: [8c2046bb0c0e89f7d21a46dc23ac4fb8, findElement {using=xpath, value=(//fieldset[@data-hasrequired='* Required Fields']//span[contains(text(),'Sign In')]}]
Capabilities {acceptInsecureCerts: false, browserName: chrome, browserVersion: 129.0.6668.60, chrome: {chromedriverVersion: 129.0.6668.70 (df87d5cf12b1..., userDataDir: C:\Users\KIM~1.VIT\AppData\...}, fedcm:accounts: true, goog:chromeOptions: {debuggerAddress: localhost:52495}, networkConnectionEnabled: false, pageLoadStrategy: normal, platformName: windows, proxy: Proxy(), se:cdp: ws://localhost:52495/devtoo..., se:cdpVersion: 129.0.6668.60, setWindowRect: true, strictFileInteractability: false, timeouts: {implicit: 0, pageLoad: 300000, script: 30000}, unhandledPromptBehavior: dismiss and notify, webauthn:extension:credBlob: true, webauthn:extension:largeBlob: true, webauthn:extension:minPinLength: true, webauthn:extension:prf: true, webauthn:virtualAuthenticators: true}
Session ID: 8c2046bb0c0e89f7d21a46dc23ac4fb8
[INFO ] 2024-09-25 15:36:00.872 - =================================== END TEST ===================================
