[INFO ] 2024-10-02 11:06:59.228 - =================================== START TEST ===================================
[INFO ] 2024-10-02 11:06:59.234 - Test Case report initialize for TestCase002
[INFO ] 2024-10-02 11:07:04.308 - PASSED - Step 1 - signIn was clicked.
[INFO ] 2024-10-02 11:07:04.509 - PASSED - Step 2 - email is populated with kimtest@gmail.com.
[INFO ] 2024-10-02 11:07:04.564 - PASSED - Step 3 - password is populated with Qwerty123.
[INFO ] 2024-10-02 11:07:05.892 - PASSED - Step 4 - logIn was clicked.
[INFO ] 2024-10-02 11:07:06.127 - PASSED - Step 5 - Moved to hoverMen.
[INFO ] 2024-10-02 11:07:06.270 - PASSED - Step 6 - Moved to hoverTops.
[INFO ] 2024-10-02 11:07:07.187 - PASSED - Step 7 - jackets was clicked.
[INFO ] 2024-10-02 11:07:07.330 - PASSED - Step 8 - showCart was clicked.
[INFO ] 2024-10-02 11:07:07.923 - PASSED - Step 9 - proteusJacket was clicked.
[INFO ] 2024-10-02 11:07:08.064 - PASSED - Step 10 - proteusSize was clicked.
[INFO ] 2024-10-02 11:07:08.110 - PASSED - Step 11 - proteusColor was clicked.
[INFO ] 2024-10-02 11:07:08.145 - PASSED - Step 12 - addToCart was clicked.
[INFO ] 2024-10-02 11:07:08.186 - PASSED - Step 13 - showCart was clicked.
[ERROR] 2024-10-02 11:07:11.946 - FAILED - org.openqa.selenium.InvalidSelectorException: invalid selector
from javascript error: {"status":32,"value":"Unable to locate an element with the xpath expression //*[@id=\\\"top-cart-btn-checkout\\\"] because of the following error:\nSyntaxError: Failed to execute 'evaluate' on 'Document': The string '//*[@id=\\\"top-cart-btn-checkout\\\"]' is not a valid XPath expression."}
  (Session info: chrome=129.0.6668.60)
For documentation on this error, please visit: https://www.selenium.dev/documentation/webdriver/troubleshooting/errors#invalid-selector-exception
Build info: version: '4.10.0', revision: 'c14d967899'
System info: os.name: 'Windows 10', os.arch: 'amd64', os.version: '10.0', java.version: '17.0.10'
Driver info: org.openqa.selenium.chrome.ChromeDriver
Command: [3d6176fabce45966ab58e61a619d4634, findElement {using=xpath, value=//*[@id=\"top-cart-btn-checkout\"]}]
Capabilities {acceptInsecureCerts: false, browserName: chrome, browserVersion: 129.0.6668.60, chrome: {chromedriverVersion: 129.0.6668.89 (951c0b97221f..., userDataDir: C:\Users\KIM~1.VIT\AppData\...}, fedcm:accounts: true, goog:chromeOptions: {debuggerAddress: localhost:60751}, networkConnectionEnabled: false, pageLoadStrategy: normal, platformName: windows, proxy: Proxy(), se:cdp: ws://localhost:60751/devtoo..., se:cdpVersion: 129.0.6668.60, setWindowRect: true, strictFileInteractability: false, timeouts: {implicit: 0, pageLoad: 300000, script: 30000}, unhandledPromptBehavior: dismiss and notify, webauthn:extension:credBlob: true, webauthn:extension:largeBlob: true, webauthn:extension:minPinLength: true, webauthn:extension:prf: true, webauthn:virtualAuthenticators: true}
Session ID: 3d6176fabce45966ab58e61a619d4634
[INFO ] 2024-10-02 11:07:11.947 - org.openqa.selenium.InvalidSelectorException: invalid selector
from javascript error: {"status":32,"value":"Unable to locate an element with the xpath expression //*[@id=\\\"top-cart-btn-checkout\\\"] because of the following error:\nSyntaxError: Failed to execute 'evaluate' on 'Document': The string '//*[@id=\\\"top-cart-btn-checkout\\\"]' is not a valid XPath expression."}
  (Session info: chrome=129.0.6668.60)
For documentation on this error, please visit: https://www.selenium.dev/documentation/webdriver/troubleshooting/errors#invalid-selector-exception
Build info: version: '4.10.0', revision: 'c14d967899'
System info: os.name: 'Windows 10', os.arch: 'amd64', os.version: '10.0', java.version: '17.0.10'
Driver info: org.openqa.selenium.chrome.ChromeDriver
Command: [3d6176fabce45966ab58e61a619d4634, findElement {using=xpath, value=//*[@id=\"top-cart-btn-checkout\"]}]
Capabilities {acceptInsecureCerts: false, browserName: chrome, browserVersion: 129.0.6668.60, chrome: {chromedriverVersion: 129.0.6668.89 (951c0b97221f..., userDataDir: C:\Users\KIM~1.VIT\AppData\...}, fedcm:accounts: true, goog:chromeOptions: {debuggerAddress: localhost:60751}, networkConnectionEnabled: false, pageLoadStrategy: normal, platformName: windows, proxy: Proxy(), se:cdp: ws://localhost:60751/devtoo..., se:cdpVersion: 129.0.6668.60, setWindowRect: true, strictFileInteractability: false, timeouts: {implicit: 0, pageLoad: 300000, script: 30000}, unhandledPromptBehavior: dismiss and notify, webauthn:extension:credBlob: true, webauthn:extension:largeBlob: true, webauthn:extension:minPinLength: true, webauthn:extension:prf: true, webauthn:virtualAuthenticators: true}
Session ID: 3d6176fabce45966ab58e61a619d4634
[INFO ] 2024-10-02 11:07:11.947 - =================================== END TEST ===================================
