[INFO ] 2024-10-14 15:25:43.560 - =================================== START TEST ===================================
[INFO ] 2024-10-14 15:25:43.566 - Test Case report initialize for TestCase007
[INFO ] 2024-10-14 15:26:28.974 - PASSED - Step 1 - signIn was clicked.
[INFO ] 2024-10-14 15:26:29.465 - PASSED - Step 2 - email is populated with tc05@test.com.
[INFO ] 2024-10-14 15:26:29.618 - PASSED - Step 3 - password is populated with Qwerty123.
[INFO ] 2024-10-14 15:26:29.639 - PASSED - Step 4 - Scrolled to position: x = 0, y = 300
[INFO ] 2024-10-14 15:26:33.224 - PASSED - Step 5 - logIn was clicked.
[INFO ] 2024-10-14 15:26:33.448 - PASSED - Step 6 - Moved to hoverMen.
[ERROR] 2024-10-14 15:26:39.723 - Report Screenshot Error Exception: no such window: target window already closed
from unknown error: web view not found
  (Session info: chrome=129.0.6668.90)
Build info: version: '4.10.0', revision: 'c14d967899'
System info: os.name: 'Windows 10', os.arch: 'amd64', os.version: '10.0', java.version: '17.0.10'
Driver info: org.openqa.selenium.chrome.ChromeDriver
Command: [24c9b5011f369cef067a20649b76aa09, screenshot {}]
Capabilities {acceptInsecureCerts: false, browserName: chrome, browserVersion: 129.0.6668.90, chrome: {chromedriverVersion: 129.0.6668.100 (cf58cba358d..., userDataDir: C:\Users\KIM~1.VIT\AppData\...}, fedcm:accounts: true, goog:chromeOptions: {debuggerAddress: localhost:59868}, networkConnectionEnabled: false, pageLoadStrategy: normal, platformName: windows, proxy: Proxy(), se:cdp: ws://localhost:59868/devtoo..., se:cdpVersion: 129.0.6668.90, setWindowRect: true, strictFileInteractability: false, timeouts: {implicit: 0, pageLoad: 300000, script: 30000}, unhandledPromptBehavior: dismiss and notify, webauthn:extension:credBlob: true, webauthn:extension:largeBlob: true, webauthn:extension:minPinLength: true, webauthn:extension:prf: true, webauthn:virtualAuthenticators: true}
Session ID: 24c9b5011f369cef067a20649b76aa09
[ERROR] 2024-10-14 15:26:39.724 - FAILED - org.openqa.selenium.JavascriptException: javascript error: {"status":60,"value":"https://magento.softwaretestingboard.com/men/tops-men.html has no size and location"}
  (Session info: chrome=129.0.6668.90)
Build info: version: '4.10.0', revision: 'c14d967899'
System info: os.name: 'Windows 10', os.arch: 'amd64', os.version: '10.0', java.version: '17.0.10'
Driver info: org.openqa.selenium.chrome.ChromeDriver
Command: [24c9b5011f369cef067a20649b76aa09, actions {actions=[org.openqa.selenium.interactions.Sequence@6cd66f6a]}]
Capabilities {acceptInsecureCerts: false, browserName: chrome, browserVersion: 129.0.6668.90, chrome: {chromedriverVersion: 129.0.6668.100 (cf58cba358d..., userDataDir: C:\Users\KIM~1.VIT\AppData\...}, fedcm:accounts: true, goog:chromeOptions: {debuggerAddress: localhost:59868}, networkConnectionEnabled: false, pageLoadStrategy: normal, platformName: windows, proxy: Proxy(), se:cdp: ws://localhost:59868/devtoo..., se:cdpVersion: 129.0.6668.90, setWindowRect: true, strictFileInteractability: false, timeouts: {implicit: 0, pageLoad: 300000, script: 30000}, unhandledPromptBehavior: dismiss and notify, webauthn:extension:credBlob: true, webauthn:extension:largeBlob: true, webauthn:extension:minPinLength: true, webauthn:extension:prf: true, webauthn:virtualAuthenticators: true}
Session ID: 24c9b5011f369cef067a20649b76aa09
[INFO ] 2024-10-14 15:26:39.726 - org.openqa.selenium.JavascriptException: javascript error: {"status":60,"value":"https://magento.softwaretestingboard.com/men/tops-men.html has no size and location"}
  (Session info: chrome=129.0.6668.90)
Build info: version: '4.10.0', revision: 'c14d967899'
System info: os.name: 'Windows 10', os.arch: 'amd64', os.version: '10.0', java.version: '17.0.10'
Driver info: org.openqa.selenium.chrome.ChromeDriver
Command: [24c9b5011f369cef067a20649b76aa09, actions {actions=[org.openqa.selenium.interactions.Sequence@6cd66f6a]}]
Capabilities {acceptInsecureCerts: false, browserName: chrome, browserVersion: 129.0.6668.90, chrome: {chromedriverVersion: 129.0.6668.100 (cf58cba358d..., userDataDir: C:\Users\KIM~1.VIT\AppData\...}, fedcm:accounts: true, goog:chromeOptions: {debuggerAddress: localhost:59868}, networkConnectionEnabled: false, pageLoadStrategy: normal, platformName: windows, proxy: Proxy(), se:cdp: ws://localhost:59868/devtoo..., se:cdpVersion: 129.0.6668.90, setWindowRect: true, strictFileInteractability: false, timeouts: {implicit: 0, pageLoad: 300000, script: 30000}, unhandledPromptBehavior: dismiss and notify, webauthn:extension:credBlob: true, webauthn:extension:largeBlob: true, webauthn:extension:minPinLength: true, webauthn:extension:prf: true, webauthn:virtualAuthenticators: true}
Session ID: 24c9b5011f369cef067a20649b76aa09
[INFO ] 2024-10-14 15:26:39.727 - =================================== END TEST ===================================
