[INFO ] 2024-10-24 11:29:52.217 - =================================== START TEST ===================================
[INFO ] 2024-10-24 11:29:52.229 - Test Case report initialize for TestCase007
[INFO ] 2024-10-24 11:30:35.280 - PASSED - Step 1 - signIn was clicked.
[INFO ] 2024-10-24 11:30:35.515 - PASSED - Step 2 - email is populated with johndoe1@gmail.com.
[INFO ] 2024-10-24 11:30:35.624 - PASSED - Step 3 - password is populated with Qwerty123.
[INFO ] 2024-10-24 11:30:35.634 - PASSED - Step 4 - Scrolled to position: x = 0, y = 300
[INFO ] 2024-10-24 11:30:39.023 - PASSED - Step 5 - logIn was clicked.
[INFO ] 2024-10-24 11:30:41.113 - PASSED - Step 6 - menuDropdown was clicked.
[INFO ] 2024-10-24 11:30:46.775 - PASSED - Step 7 - myAccount was clicked.
[INFO ] 2024-10-24 11:30:52.159 - PASSED - Step 8 - addressBook was clicked.
[INFO ] 2024-10-24 11:30:55.782 - PASSED - Step 9 - addAddress was clicked.
[INFO ] 2024-10-24 11:30:55.985 - PASSED - Step 10 - newCompany is populated with New Company 1.
[INFO ] 2024-10-24 11:30:56.167 - PASSED - Step 11 - newPhoneNumber is populated with 091234567899.
[INFO ] 2024-10-24 11:30:56.275 - PASSED - Step 12 - newStreet is populated with New Address 1.
[INFO ] 2024-10-24 11:30:56.369 - PASSED - Step 13 - newCity is populated with New City 1.
[INFO ] 2024-10-24 11:30:58.418 - PASSED - Step 14 - country was clicked.
[INFO ] 2024-10-24 11:31:00.469 - PASSED - Step 15 - newCountry was clicked.
[ERROR] 2024-10-24 11:31:15.291 - FAILED - org.openqa.selenium.ElementNotInteractableException: element not interactable
  (Session info: chrome=129.0.6668.103)
Build info: version: '4.10.0', revision: 'c14d967899'
System info: os.name: 'Windows 10', os.arch: 'amd64', os.version: '10.0', java.version: '17.0.10'
Driver info: org.openqa.selenium.chrome.ChromeDriver
Command: [fdcf59919c1975cc759d61654a5875b0, sendKeysToElement {id=f.093BBA5F742B85ECDF008B8841C8A563.d.8068C63EADF72DA2C5CAF08B5114F12D.e.220, value=[Ljava.lang.CharSequence;@7730da00}]
Capabilities {acceptInsecureCerts: false, browserName: chrome, browserVersion: 129.0.6668.103, chrome: {chromedriverVersion: 129.0.6668.100 (cf58cba358d..., userDataDir: C:\Users\KIM~1.VIT\AppData\...}, fedcm:accounts: true, goog:chromeOptions: {debuggerAddress: localhost:58996}, networkConnectionEnabled: false, pageLoadStrategy: normal, platformName: windows, proxy: Proxy(), se:cdp: ws://localhost:58996/devtoo..., se:cdpVersion: 129.0.6668.103, setWindowRect: true, strictFileInteractability: false, timeouts: {implicit: 0, pageLoad: 300000, script: 30000}, unhandledPromptBehavior: dismiss and notify, webauthn:extension:credBlob: true, webauthn:extension:largeBlob: true, webauthn:extension:minPinLength: true, webauthn:extension:prf: true, webauthn:virtualAuthenticators: true}
Element: [[ChromeDriver: chrome on windows (fdcf59919c1975cc759d61654a5875b0)] -> xpath: //input[@class="input-text validate-not-number-first"]]
Session ID: fdcf59919c1975cc759d61654a5875b0
[INFO ] 2024-10-24 11:31:15.293 - org.openqa.selenium.ElementNotInteractableException: element not interactable
  (Session info: chrome=129.0.6668.103)
Build info: version: '4.10.0', revision: 'c14d967899'
System info: os.name: 'Windows 10', os.arch: 'amd64', os.version: '10.0', java.version: '17.0.10'
Driver info: org.openqa.selenium.chrome.ChromeDriver
Command: [fdcf59919c1975cc759d61654a5875b0, sendKeysToElement {id=f.093BBA5F742B85ECDF008B8841C8A563.d.8068C63EADF72DA2C5CAF08B5114F12D.e.220, value=[Ljava.lang.CharSequence;@7730da00}]
Capabilities {acceptInsecureCerts: false, browserName: chrome, browserVersion: 129.0.6668.103, chrome: {chromedriverVersion: 129.0.6668.100 (cf58cba358d..., userDataDir: C:\Users\KIM~1.VIT\AppData\...}, fedcm:accounts: true, goog:chromeOptions: {debuggerAddress: localhost:58996}, networkConnectionEnabled: false, pageLoadStrategy: normal, platformName: windows, proxy: Proxy(), se:cdp: ws://localhost:58996/devtoo..., se:cdpVersion: 129.0.6668.103, setWindowRect: true, strictFileInteractability: false, timeouts: {implicit: 0, pageLoad: 300000, script: 30000}, unhandledPromptBehavior: dismiss and notify, webauthn:extension:credBlob: true, webauthn:extension:largeBlob: true, webauthn:extension:minPinLength: true, webauthn:extension:prf: true, webauthn:virtualAuthenticators: true}
Element: [[ChromeDriver: chrome on windows (fdcf59919c1975cc759d61654a5875b0)] -> xpath: //input[@class="input-text validate-not-number-first"]]
Session ID: fdcf59919c1975cc759d61654a5875b0
[INFO ] 2024-10-24 11:31:15.294 - =================================== END TEST ===================================
