[INFO ] 2024-10-03 14:10:30.365 - =================================== START TEST ===================================
[INFO ] 2024-10-03 14:10:30.372 - Test Case report initialize for TestCase001
[INFO ] 2024-10-03 14:10:34.290 - PASSED - Step 1 - Moved to hoverMen.
[INFO ] 2024-10-03 14:10:34.433 - PASSED - Step 2 - Moved to hoverTops.
[INFO ] 2024-10-03 14:10:39.156 - PASSED - Step 3 - jackets was clicked.
[INFO ] 2024-10-03 14:10:41.207 - PASSED - Step 4 - showCart was clicked.
[INFO ] 2024-10-03 14:10:46.012 - PASSED - Step 5 - proteusJacket was clicked.
[INFO ] 2024-10-03 14:10:48.125 - PASSED - Step 6 - proteusSize was clicked.
[INFO ] 2024-10-03 14:10:50.201 - PASSED - Step 7 - proteusColor was clicked.
[INFO ] 2024-10-03 14:10:52.282 - PASSED - Step 8 - addToCart was clicked.
[INFO ] 2024-10-03 14:10:54.351 - PASSED - Step 9 - showCart was clicked.
[INFO ] 2024-10-03 14:10:58.065 - PASSED - Step 10 - checkout was clicked.
[ERROR] 2024-10-03 14:11:10.692 - FAILED - org.openqa.selenium.NoSuchElementException: no such element: Unable to locate element: {"method":"xpath","selector":"//div[@class='control _with-tooltip']//input[@id='customer-email']"}
  (Session info: chrome=129.0.6668.60)
For documentation on this error, please visit: https://www.selenium.dev/documentation/webdriver/troubleshooting/errors#no-such-element-exception
Build info: version: '4.10.0', revision: 'c14d967899'
System info: os.name: 'Windows 10', os.arch: 'amd64', os.version: '10.0', java.version: '17.0.10'
Driver info: org.openqa.selenium.chrome.ChromeDriver
Command: [5172ff4da0114a0249e0ba6d91dfb6cc, findElement {using=xpath, value=//div[@class='control _with-tooltip']//input[@id='customer-email']}]
Capabilities {acceptInsecureCerts: false, browserName: chrome, browserVersion: 129.0.6668.60, chrome: {chromedriverVersion: 129.0.6668.89 (951c0b97221f..., userDataDir: C:\Users\KIM~1.VIT\AppData\...}, fedcm:accounts: true, goog:chromeOptions: {debuggerAddress: localhost:55745}, networkConnectionEnabled: false, pageLoadStrategy: normal, platformName: windows, proxy: Proxy(), se:cdp: ws://localhost:55745/devtoo..., se:cdpVersion: 129.0.6668.60, setWindowRect: true, strictFileInteractability: false, timeouts: {implicit: 0, pageLoad: 300000, script: 30000}, unhandledPromptBehavior: dismiss and notify, webauthn:extension:credBlob: true, webauthn:extension:largeBlob: true, webauthn:extension:minPinLength: true, webauthn:extension:prf: true, webauthn:virtualAuthenticators: true}
Session ID: 5172ff4da0114a0249e0ba6d91dfb6cc
[INFO ] 2024-10-03 14:11:10.693 - org.openqa.selenium.NoSuchElementException: no such element: Unable to locate element: {"method":"xpath","selector":"//div[@class='control _with-tooltip']//input[@id='customer-email']"}
  (Session info: chrome=129.0.6668.60)
For documentation on this error, please visit: https://www.selenium.dev/documentation/webdriver/troubleshooting/errors#no-such-element-exception
Build info: version: '4.10.0', revision: 'c14d967899'
System info: os.name: 'Windows 10', os.arch: 'amd64', os.version: '10.0', java.version: '17.0.10'
Driver info: org.openqa.selenium.chrome.ChromeDriver
Command: [5172ff4da0114a0249e0ba6d91dfb6cc, findElement {using=xpath, value=//div[@class='control _with-tooltip']//input[@id='customer-email']}]
Capabilities {acceptInsecureCerts: false, browserName: chrome, browserVersion: 129.0.6668.60, chrome: {chromedriverVersion: 129.0.6668.89 (951c0b97221f..., userDataDir: C:\Users\KIM~1.VIT\AppData\...}, fedcm:accounts: true, goog:chromeOptions: {debuggerAddress: localhost:55745}, networkConnectionEnabled: false, pageLoadStrategy: normal, platformName: windows, proxy: Proxy(), se:cdp: ws://localhost:55745/devtoo..., se:cdpVersion: 129.0.6668.60, setWindowRect: true, strictFileInteractability: false, timeouts: {implicit: 0, pageLoad: 300000, script: 30000}, unhandledPromptBehavior: dismiss and notify, webauthn:extension:credBlob: true, webauthn:extension:largeBlob: true, webauthn:extension:minPinLength: true, webauthn:extension:prf: true, webauthn:virtualAuthenticators: true}
Session ID: 5172ff4da0114a0249e0ba6d91dfb6cc
[INFO ] 2024-10-03 14:11:10.693 - =================================== END TEST ===================================
