[INFO ] 2024-11-11 16:14:26.100 - =================================== START TEST ===================================
[INFO ] 2024-11-11 16:14:26.115 - Test Case report initialize for TestCase007
[INFO ] 2024-11-11 16:15:05.130 - PASSED - Step 1 - signIn was clicked.
[INFO ] 2024-11-11 16:15:05.556 - PASSED - Step 2 - email is populated with email4@gmail.com.
[INFO ] 2024-11-11 16:15:05.650 - PASSED - Step 3 - password is populated with Qwerty123.
[INFO ] 2024-11-11 16:15:05.663 - PASSED - Step 4 - Scrolled to position: x = 0, y = 300
[INFO ] 2024-11-11 16:15:08.407 - PASSED - Step 5 - logIn was clicked.
[INFO ] 2024-11-11 16:15:10.437 - PASSED - Step 6 - menuDropdown was clicked.
[INFO ] 2024-11-11 16:15:13.846 - PASSED - Step 7 - myAccount was clicked.
[INFO ] 2024-11-11 16:15:17.212 - PASSED - Step 8 - addressBook was clicked.
[INFO ] 2024-11-11 16:15:20.705 - PASSED - Step 9 - addAddress was clicked.
[INFO ] 2024-11-11 16:15:20.717 - PASSED - Step 10 - Scrolled to position: x = 0, y = 400
[INFO ] 2024-11-11 16:15:20.874 - PASSED - Step 11 - newCompany is populated with New Company 1.
[INFO ] 2024-11-11 16:15:20.978 - PASSED - Step 12 - newPhoneNumber is populated with 091234567899.
[INFO ] 2024-11-11 16:15:21.077 - PASSED - Step 13 - newStreet is populated with New Address 1.
[INFO ] 2024-11-11 16:15:21.167 - PASSED - Step 14 - newCity is populated with New City 1.
[INFO ] 2024-11-11 16:15:21.389 - PASSED - Step 15 - country is selected with visible text: Philippines
[INFO ] 2024-11-11 16:15:23.432 - PASSED - Step 16 - newCountry was clicked.
[INFO ] 2024-11-11 16:15:25.516 - PASSED - Step 17 - newProvince is populated with Cavite.
[INFO ] 2024-11-11 16:15:25.589 - PASSED - Step 18 - newZipCode is populated with 31201.
[ERROR] 2024-11-11 16:15:27.627 - Report Screenshot Error Exception: org.openqa.selenium.NoSuchWindowException: no such window: target window already closed
from unknown error: web view not found
  (Session info: chrome=130.0.6723.117)
Build info: version: '4.10.0', revision: 'c14d967899'
System info: os.name: 'Windows 10', os.arch: 'amd64', os.version: '10.0', java.version: '17.0.10'
Driver info: org.openqa.selenium.chrome.ChromeDriver
Command: [a1b0eb8cb7d979651d201ea2a25474a4, executeScript {script=return Math.max(document.body.scrollHeight, document.body.offsetHeight,
    document.documentElement.clientHeight, document.documentElement.scrollHeight, document.documentElement.offsetHeight);, args=[]}]
Capabilities {acceptInsecureCerts: false, browserName: chrome, browserVersion: 130.0.6723.117, chrome: {chromedriverVersion: 130.0.6723.116 (6ac35f94ae3..., userDataDir: C:\Users\KIM~1.VIT\AppData\...}, fedcm:accounts: true, goog:chromeOptions: {debuggerAddress: localhost:52915}, networkConnectionEnabled: false, pageLoadStrategy: normal, platformName: windows, proxy: Proxy(), se:cdp: ws://localhost:52915/devtoo..., se:cdpVersion: 130.0.6723.117, setWindowRect: true, strictFileInteractability: false, timeouts: {implicit: 0, pageLoad: 300000, script: 30000}, unhandledPromptBehavior: dismiss and notify, webauthn:extension:credBlob: true, webauthn:extension:largeBlob: true, webauthn:extension:minPinLength: true, webauthn:extension:prf: true, webauthn:virtualAuthenticators: true}
Session ID: a1b0eb8cb7d979651d201ea2a25474a4
[ERROR] 2024-11-11 16:15:27.627 - FAILED - org.openqa.selenium.NoSuchWindowException: no such window: target window already closed
from unknown error: web view not found
  (Session info: chrome=130.0.6723.117)
Build info: version: '4.10.0', revision: 'c14d967899'
System info: os.name: 'Windows 10', os.arch: 'amd64', os.version: '10.0', java.version: '17.0.10'
Driver info: org.openqa.selenium.chrome.ChromeDriver
Command: [a1b0eb8cb7d979651d201ea2a25474a4, findElement {using=xpath, value=//button [@data-action="save-address"]}]
Capabilities {acceptInsecureCerts: false, browserName: chrome, browserVersion: 130.0.6723.117, chrome: {chromedriverVersion: 130.0.6723.116 (6ac35f94ae3..., userDataDir: C:\Users\KIM~1.VIT\AppData\...}, fedcm:accounts: true, goog:chromeOptions: {debuggerAddress: localhost:52915}, networkConnectionEnabled: false, pageLoadStrategy: normal, platformName: windows, proxy: Proxy(), se:cdp: ws://localhost:52915/devtoo..., se:cdpVersion: 130.0.6723.117, setWindowRect: true, strictFileInteractability: false, timeouts: {implicit: 0, pageLoad: 300000, script: 30000}, unhandledPromptBehavior: dismiss and notify, webauthn:extension:credBlob: true, webauthn:extension:largeBlob: true, webauthn:extension:minPinLength: true, webauthn:extension:prf: true, webauthn:virtualAuthenticators: true}
Session ID: a1b0eb8cb7d979651d201ea2a25474a4
[INFO ] 2024-11-11 16:15:27.628 - org.openqa.selenium.NoSuchWindowException: no such window: target window already closed
from unknown error: web view not found
  (Session info: chrome=130.0.6723.117)
Build info: version: '4.10.0', revision: 'c14d967899'
System info: os.name: 'Windows 10', os.arch: 'amd64', os.version: '10.0', java.version: '17.0.10'
Driver info: org.openqa.selenium.chrome.ChromeDriver
Command: [a1b0eb8cb7d979651d201ea2a25474a4, findElement {using=xpath, value=//button [@data-action="save-address"]}]
Capabilities {acceptInsecureCerts: false, browserName: chrome, browserVersion: 130.0.6723.117, chrome: {chromedriverVersion: 130.0.6723.116 (6ac35f94ae3..., userDataDir: C:\Users\KIM~1.VIT\AppData\...}, fedcm:accounts: true, goog:chromeOptions: {debuggerAddress: localhost:52915}, networkConnectionEnabled: false, pageLoadStrategy: normal, platformName: windows, proxy: Proxy(), se:cdp: ws://localhost:52915/devtoo..., se:cdpVersion: 130.0.6723.117, setWindowRect: true, strictFileInteractability: false, timeouts: {implicit: 0, pageLoad: 300000, script: 30000}, unhandledPromptBehavior: dismiss and notify, webauthn:extension:credBlob: true, webauthn:extension:largeBlob: true, webauthn:extension:minPinLength: true, webauthn:extension:prf: true, webauthn:virtualAuthenticators: true}
Session ID: a1b0eb8cb7d979651d201ea2a25474a4
[INFO ] 2024-11-11 16:15:27.628 - =================================== END TEST ===================================
