[INFO ] 2024-10-11 10:40:34.717 - =================================== START TEST ===================================
[INFO ] 2024-10-11 10:40:34.723 - Test Case report initialize for TestCase007
[INFO ] 2024-10-11 10:41:16.140 - PASSED - Step 1 - signIn was clicked.
[INFO ] 2024-10-11 10:41:16.302 - PASSED - Step 2 - email is populated with tc05@test.com.
[INFO ] 2024-10-11 10:41:16.365 - PASSED - Step 3 - password is populated with Qwerty123.
[INFO ] 2024-10-11 10:41:18.403 - PASSED - Step 4 - logIn was clicked.
[INFO ] 2024-10-11 10:41:18.582 - PASSED - Step 5 - Moved to hoverMen.
[INFO ] 2024-10-11 10:41:18.722 - PASSED - Step 6 - Moved to hoverTops.
[INFO ] 2024-10-11 10:41:20.822 - PASSED - Step 7 - jackets was clicked.
[ERROR] 2024-10-11 10:41:30.971 - FAILED - org.openqa.selenium.ElementClickInterceptedException: element click intercepted: Element <a class="product-item-link" href="https://magento.softwaretestingboard.com/proteus-fitness-jackshirt.html">...</a> is not clickable at point (506, 677). Other element would receive the click: <iframe id="aswift_1" name="aswift_1" browsingtopics="true" style="width: 1005px !important; height: 124px !important; display: block; margin: 0px auto;" sandbox="allow-forms allow-popups allow-popups-to-escape-sandbox allow-same-origin allow-scripts allow-top-navigation-by-user-activation" width="1005" height="124" frameborder="0" marginwidth="0" marginheight="0" vspace="0" hspace="0" allowtransparency="true" scrolling="no" allow="attribution-reporting; run-ad-auction" src="https://googleads.g.doubleclick.net/pagead/html/r20241009/r20190131/zrt_lookup_fy2021.html#RS-0-&amp;adk=1812271801&amp;client=ca-pub-7399332034053978&amp;fa=1&amp;ifi=2&amp;uci=a!2&amp;btvi=1" data-google-container-id="a!2" tabindex="0" title="Advertisement" aria-label="Advertisement" data-google-query-id="CNzfi-KmhYkDFSBD9ggdwmIF2A" data-load-complete="true"></iframe>
  (Session info: chrome=129.0.6668.90)
Build info: version: '4.10.0', revision: 'c14d967899'
System info: os.name: 'Windows 10', os.arch: 'amd64', os.version: '10.0', java.version: '17.0.10'
Driver info: org.openqa.selenium.chrome.ChromeDriver
Command: [296056dc9d8fc769e2ff8fc2831ad8a7, clickElement {id=f.77454B90ADF0059E68BB692F070C7E64.d.B8BE06C89EC4684804986A046E228866.e.171}]
Capabilities {acceptInsecureCerts: false, browserName: chrome, browserVersion: 129.0.6668.90, chrome: {chromedriverVersion: 129.0.6668.100 (cf58cba358d..., userDataDir: C:\Users\KIM~1.VIT\AppData\...}, fedcm:accounts: true, goog:chromeOptions: {debuggerAddress: localhost:50513}, networkConnectionEnabled: false, pageLoadStrategy: normal, platformName: windows, proxy: Proxy(), se:cdp: ws://localhost:50513/devtoo..., se:cdpVersion: 129.0.6668.90, setWindowRect: true, strictFileInteractability: false, timeouts: {implicit: 0, pageLoad: 300000, script: 30000}, unhandledPromptBehavior: dismiss and notify, webauthn:extension:credBlob: true, webauthn:extension:largeBlob: true, webauthn:extension:minPinLength: true, webauthn:extension:prf: true, webauthn:virtualAuthenticators: true}
Element: [[ChromeDriver: chrome on windows (296056dc9d8fc769e2ff8fc2831ad8a7)] -> xpath: //a[normalize-space()='Proteus Fitness Jackshirt']]
Session ID: 296056dc9d8fc769e2ff8fc2831ad8a7
[INFO ] 2024-10-11 10:41:30.972 - org.openqa.selenium.ElementClickInterceptedException: element click intercepted: Element <a class="product-item-link" href="https://magento.softwaretestingboard.com/proteus-fitness-jackshirt.html">...</a> is not clickable at point (506, 677). Other element would receive the click: <iframe id="aswift_1" name="aswift_1" browsingtopics="true" style="width: 1005px !important; height: 124px !important; display: block; margin: 0px auto;" sandbox="allow-forms allow-popups allow-popups-to-escape-sandbox allow-same-origin allow-scripts allow-top-navigation-by-user-activation" width="1005" height="124" frameborder="0" marginwidth="0" marginheight="0" vspace="0" hspace="0" allowtransparency="true" scrolling="no" allow="attribution-reporting; run-ad-auction" src="https://googleads.g.doubleclick.net/pagead/html/r20241009/r20190131/zrt_lookup_fy2021.html#RS-0-&amp;adk=1812271801&amp;client=ca-pub-7399332034053978&amp;fa=1&amp;ifi=2&amp;uci=a!2&amp;btvi=1" data-google-container-id="a!2" tabindex="0" title="Advertisement" aria-label="Advertisement" data-google-query-id="CNzfi-KmhYkDFSBD9ggdwmIF2A" data-load-complete="true"></iframe>
  (Session info: chrome=129.0.6668.90)
Build info: version: '4.10.0', revision: 'c14d967899'
System info: os.name: 'Windows 10', os.arch: 'amd64', os.version: '10.0', java.version: '17.0.10'
Driver info: org.openqa.selenium.chrome.ChromeDriver
Command: [296056dc9d8fc769e2ff8fc2831ad8a7, clickElement {id=f.77454B90ADF0059E68BB692F070C7E64.d.B8BE06C89EC4684804986A046E228866.e.171}]
Capabilities {acceptInsecureCerts: false, browserName: chrome, browserVersion: 129.0.6668.90, chrome: {chromedriverVersion: 129.0.6668.100 (cf58cba358d..., userDataDir: C:\Users\KIM~1.VIT\AppData\...}, fedcm:accounts: true, goog:chromeOptions: {debuggerAddress: localhost:50513}, networkConnectionEnabled: false, pageLoadStrategy: normal, platformName: windows, proxy: Proxy(), se:cdp: ws://localhost:50513/devtoo..., se:cdpVersion: 129.0.6668.90, setWindowRect: true, strictFileInteractability: false, timeouts: {implicit: 0, pageLoad: 300000, script: 30000}, unhandledPromptBehavior: dismiss and notify, webauthn:extension:credBlob: true, webauthn:extension:largeBlob: true, webauthn:extension:minPinLength: true, webauthn:extension:prf: true, webauthn:virtualAuthenticators: true}
Element: [[ChromeDriver: chrome on windows (296056dc9d8fc769e2ff8fc2831ad8a7)] -> xpath: //a[normalize-space()='Proteus Fitness Jackshirt']]
Session ID: 296056dc9d8fc769e2ff8fc2831ad8a7
[INFO ] 2024-10-11 10:41:30.972 - =================================== END TEST ===================================
